[ +398 ms] Artifact Instance of 'AndroidGenSnapshotArtifacts' is not required, skipping update.
[   +1 ms] Artifact Instance of 'AndroidInternalBuildArtifacts' is not required, skipping update.
[        ] Artifact Instance of 'IOSEngineArtifacts' is not required, skipping update.
[        ] Artifact Instance of 'FlutterWebSdk' is not required, skipping update.
[        ] Artifact Instance of 'LegacyCanvasKitRemover' is not required, skipping update.
[  +14 ms] Artifact Instance of 'WindowsEngineArtifacts' is not required, skipping update.
[        ] Artifact Instance of 'MacOSEngineArtifacts' is not required, skipping update.
[        ] Artifact Instance of 'LinuxEngineArtifacts' is not required, skipping update.
[        ] Artifact Instance of 'LinuxFuchsiaSDKArtifacts' is not required, skipping update.
[        ] Artifact Instance of 'MacOSFuchsiaSDKArtifacts' is not required, skipping update.
[        ] Artifact Instance of 'FlutterRunnerSDKArtifacts' is not required, skipping update.
[        ] Artifact Instance of 'FlutterRunnerDebugSymbols' is not required, skipping update.
[ +250 ms] Artifact Instance of 'MaterialFonts' is not required, skipping update.
[        ] Artifact Instance of 'GradleWrapper' is not required, skipping update.
[  +11 ms] Artifact Instance of 'AndroidInternalBuildArtifacts' is not required, skipping update.
[        ] Artifact Instance of 'IOSEngineArtifacts' is not required, skipping update.
[        ] Artifact Instance of 'FlutterWebSdk' is not required, skipping update.
[        ] Artifact Instance of 'LegacyCanvasKitRemover' is not required, skipping update.
[        ] Artifact Instance of 'FlutterSdk' is not required, skipping update.
[        ] Artifact Instance of 'WindowsEngineArtifacts' is not required, skipping update.
[        ] Artifact Instance of 'MacOSEngineArtifacts' is not required, skipping update.
[        ] Artifact Instance of 'LinuxEngineArtifacts' is not required, skipping update.
[        ] Artifact Instance of 'LinuxFuchsiaSDKArtifacts' is not required, skipping update.
[        ] Artifact Instance of 'MacOSFuchsiaSDKArtifacts' is not required, skipping update.
[        ] Artifact Instance of 'FlutterRunnerSDKArtifacts' is not required, skipping update.
[        ] Artifact Instance of 'FlutterRunnerDebugSymbols' is not required, skipping update.
[        ] Artifact Instance of 'IosUsbArtifacts' is not required, skipping update.
[        ] Artifact Instance of 'IosUsbArtifacts' is not required, skipping update.
[        ] Artifact Instance of 'IosUsbArtifacts' is not required, skipping update.
[        ] Artifact Instance of 'IosUsbArtifacts' is not required, skipping update.
[        ] Artifact Instance of 'IosUsbArtifacts' is not required, skipping update.
[        ] Artifact Instance of 'FontSubsetArtifacts' is not required, skipping update.
[        ] Artifact Instance of 'PubDependencies' is not required, skipping update.
[ +148 ms] Skipping pub get: version match.
[ +108 ms] Found plugin connectivity_plus at C:\Users\chzam\AppData\Local\Pub\Cache\hosted\pub.dev\connectivity_plus-5.0.2\
[  +44 ms] Found plugin flutter_secure_storage at C:\Users\chzam\AppData\Local\Pub\Cache\hosted\pub.dev\flutter_secure_storage-9.2.4\
[   +3 ms] Found plugin flutter_secure_storage_linux at C:\Users\chzam\AppData\Local\Pub\Cache\hosted\pub.dev\flutter_secure_storage_linux-1.2.3\
[   +3 ms] Found plugin flutter_secure_storage_macos at C:\Users\chzam\AppData\Local\Pub\Cache\hosted\pub.dev\flutter_secure_storage_macos-3.1.3\
[   +8 ms] Found plugin flutter_secure_storage_web at C:\Users\chzam\AppData\Local\Pub\Cache\hosted\pub.dev\flutter_secure_storage_web-1.2.1\
[   +5 ms] Found plugin flutter_secure_storage_windows at C:\Users\chzam\AppData\Local\Pub\Cache\hosted\pub.dev\flutter_secure_storage_windows-3.1.2\
[  +58 ms] Found plugin path_provider at C:\Users\chzam\AppData\Local\Pub\Cache\hosted\pub.dev\path_provider-2.1.4\
[   +5 ms] Found plugin path_provider_android at C:\Users\chzam\AppData\Local\Pub\Cache\hosted\pub.dev\path_provider_android-2.2.4\
[   +3 ms] Found plugin path_provider_foundation at C:\Users\chzam\AppData\Local\Pub\Cache\hosted\pub.dev\path_provider_foundation-2.4.0\
[   +4 ms] Found plugin path_provider_linux at C:\Users\chzam\AppData\Local\Pub\Cache\hosted\pub.dev\path_provider_linux-2.2.1\
[   +7 ms] Found plugin path_provider_windows at C:\Users\chzam\AppData\Local\Pub\Cache\hosted\pub.dev\path_provider_windows-2.3.0\
[  +19 ms] Found plugin shared_preferences at C:\Users\chzam\AppData\Local\Pub\Cache\hosted\pub.dev\shared_preferences-2.2.3\
[   +3 ms] Found plugin shared_preferences_android at C:\Users\chzam\AppData\Local\Pub\Cache\hosted\pub.dev\shared_preferences_android-2.2.2\
[   +5 ms] Found plugin shared_preferences_foundation at C:\Users\chzam\AppData\Local\Pub\Cache\hosted\pub.dev\shared_preferences_foundation-2.5.0\
[   +5 ms] Found plugin shared_preferences_linux at C:\Users\chzam\AppData\Local\Pub\Cache\hosted\pub.dev\shared_preferences_linux-2.4.0\
[   +7 ms] Found plugin shared_preferences_web at C:\Users\chzam\AppData\Local\Pub\Cache\hosted\pub.dev\shared_preferences_web-2.2.2\
[   +5 ms] Found plugin shared_preferences_windows at C:\Users\chzam\AppData\Local\Pub\Cache\hosted\pub.dev\shared_preferences_windows-2.4.0\
[  +10 ms] Found plugin sqflite at C:\Users\chzam\AppData\Local\Pub\Cache\hosted\pub.dev\sqflite-2.3.2\
[ +110 ms] Found plugin connectivity_plus at C:\Users\chzam\AppData\Local\Pub\Cache\hosted\pub.dev\connectivity_plus-5.0.2\
[  +14 ms] Found plugin flutter_secure_storage at C:\Users\chzam\AppData\Local\Pub\Cache\hosted\pub.dev\flutter_secure_storage-9.2.4\
[   +1 ms] Found plugin flutter_secure_storage_linux at C:\Users\chzam\AppData\Local\Pub\Cache\hosted\pub.dev\flutter_secure_storage_linux-1.2.3\
[   +2 ms] Found plugin flutter_secure_storage_macos at C:\Users\chzam\AppData\Local\Pub\Cache\hosted\pub.dev\flutter_secure_storage_macos-3.1.3\
[   +3 ms] Found plugin flutter_secure_storage_web at C:\Users\chzam\AppData\Local\Pub\Cache\hosted\pub.dev\flutter_secure_storage_web-1.2.1\
[   +1 ms] Found plugin flutter_secure_storage_windows at C:\Users\chzam\AppData\Local\Pub\Cache\hosted\pub.dev\flutter_secure_storage_windows-3.1.2\
[  +26 ms] Found plugin path_provider at C:\Users\chzam\AppData\Local\Pub\Cache\hosted\pub.dev\path_provider-2.1.4\
[   +2 ms] Found plugin path_provider_android at C:\Users\chzam\AppData\Local\Pub\Cache\hosted\pub.dev\path_provider_android-2.2.4\
[   +2 ms] Found plugin path_provider_foundation at C:\Users\chzam\AppData\Local\Pub\Cache\hosted\pub.dev\path_provider_foundation-2.4.0\
[   +2 ms] Found plugin path_provider_linux at C:\Users\chzam\AppData\Local\Pub\Cache\hosted\pub.dev\path_provider_linux-2.2.1\
[   +4 ms] Found plugin path_provider_windows at C:\Users\chzam\AppData\Local\Pub\Cache\hosted\pub.dev\path_provider_windows-2.3.0\
[   +9 ms] Found plugin shared_preferences at C:\Users\chzam\AppData\Local\Pub\Cache\hosted\pub.dev\shared_preferences-2.2.3\
[   +2 ms] Found plugin shared_preferences_android at C:\Users\chzam\AppData\Local\Pub\Cache\hosted\pub.dev\shared_preferences_android-2.2.2\
[   +1 ms] Found plugin shared_preferences_foundation at C:\Users\chzam\AppData\Local\Pub\Cache\hosted\pub.dev\shared_preferences_foundation-2.5.0\
[   +2 ms] Found plugin shared_preferences_linux at C:\Users\chzam\AppData\Local\Pub\Cache\hosted\pub.dev\shared_preferences_linux-2.4.0\
[   +3 ms] Found plugin shared_preferences_web at C:\Users\chzam\AppData\Local\Pub\Cache\hosted\pub.dev\shared_preferences_web-2.2.2\
[   +2 ms] Found plugin shared_preferences_windows at C:\Users\chzam\AppData\Local\Pub\Cache\hosted\pub.dev\shared_preferences_windows-2.4.0\
[   +3 ms] Found plugin sqflite at C:\Users\chzam\AppData\Local\Pub\Cache\hosted\pub.dev\sqflite-2.3.2\
[  +44 ms] Generating C:\Users\chzam\OneDrive\Desktop\cerebro-patio\Cerebro\mobile_app\android\app\src\main\java\io\flutter\plugins\GeneratedPluginRegistrant.java
[ +123 ms] executing: C:\Program Files\Android\Android Studio1\jbr\bin\java -version
[ +173 ms] Exit code 0 from: C:\Program Files\Android\Android Studio1\jbr\bin\java -version
[        ] openjdk version "21.0.8" 2025-07-15
           OpenJDK Runtime Environment (build 21.0.8+-14196175-b1038.72)
           OpenJDK 64-Bit Server VM (build 21.0.8+-14196175-b1038.72, mixed mode)
[  +10 ms] executing: C:\Program Files\Android\Android Studio1\jbr\bin\java --version
[ +128 ms] Exit code 0 from: C:\Program Files\Android\Android Studio1\jbr\bin\java --version
[        ] openjdk 21.0.8 2025-07-15
           OpenJDK Runtime Environment (build 21.0.8+-14196175-b1038.72)
           OpenJDK 64-Bit Server VM (build 21.0.8+-14196175-b1038.72, mixed mode)
[        ] Version of Java is different than impacted version, no migration attempted.
[  +12 ms] Using gradle from C:\Users\chzam\OneDrive\Desktop\cerebro-patio\Cerebro\mobile_app\android\gradlew.bat.
[        ] Running Gradle task 'assembleDebug'...
[   +3 ms] executing: [C:\Users\chzam\OneDrive\Desktop\cerebro-patio\Cerebro\mobile_app\android/] C:\Users\chzam\OneDrive\Desktop\cerebro-patio\Cerebro\mobile_app\android\gradlew.bat --full-stacktrace --info -Pverbose=true -Ptarget-platform=android-arm,android-arm64,android-x64 -Ptarget=lib\main.dart -Pbase-application-name=android.app.Application -Pdart-obfuscation=false -Ptrack-widget-creation=true -Ptree-shake-icons=false assembleDebug
[+1341 ms] Initialized native services in: C:\Users\chzam\.gradle\native
[        ] Initialized jansi services in: C:\Users\chzam\.gradle\native
[ +117 ms] Welcome to Gradle 8.5!
[   +1 ms] Here are the highlights of this release:
[        ]  - Support for running on Java 21
[        ]  - Faster first use with Kotlin DSL
[        ]  - Improved error and warning messages
[        ] For more details see https://docs.gradle.org/8.5/release-notes.html
[        ] Received JVM installation metadata from 'C:\Program Files\Android\Android Studio1\jbr': {JAVA_HOME=C:\Program Files\Android\Android Studio1\jbr, JAVA_VERSION=21.0.8, JAVA_VENDOR=JetBrains s.r.o., RUNTIME_NAME=OpenJDK Runtime Environment, RUNTIME_VERSION=21.0.8+-14196175-b1038.72, VM_NAME=OpenJDK 64-Bit Server VM, VM_VERSION=21.0.8+-14196175-b1038.72, VM_VENDOR=JetBrains s.r.o., OS_ARCH=amd64}
[ +597 ms] The client will now receive all logging from the daemon (pid: 85996). The daemon log file: C:\Users\chzam\.gradle\daemon\8.5\daemon-85996.out.log
[        ] Starting 10th build in daemon [uptime: 30 mins 48.735 secs, performance: 98%, GC rate: 0.03/s, heap usage: 3% of 4 GiB]
[   +1 ms] Using 8 worker leases.
[ +293 ms] Now considering [C:\Users\chzam\OneDrive\Desktop\cerebro-patio\Cerebro\mobile_app\android, C:\Users\chzam\OneDrive\Desktop\cerebro-patio\Cerebro\flutter\packages\flutter_tools\gradle] as hierarchies to watch
[ +107 ms] Watching the file system is configured to be enabled if available
[        ] File system watching is active
[ +290 ms] Starting Build
[ +201 ms] Now considering [C:\Users\chzam\OneDrive\Desktop\cerebro-patio\Cerebro\flutter\packages\flutter_tools\gradle, C:\Users\chzam\OneDrive\Desktop\cerebro-patio\Cerebro\mobile_app\android] as hierarchies to watch
[ +807 ms] > Configure project :gradle
[        ] Evaluating project ':gradle' using build file 'C:\Users\chzam\OneDrive\Desktop\cerebro-patio\Cerebro\flutter\packages\flutter_tools\gradle\build.gradle.kts'.
[        ] Caching disabled for Kotlin DSL accessors for project ':gradle' because:
[        ]   Build cache is disabled
[        ] Skipping Kotlin DSL accessors for project ':gradle' as it is up-to-date.
[ +287 ms] Resolve mutations for :gradle:compileJava (Thread[#913,Execution worker Thread 2,5,main]) started.
[ +107 ms] :gradle:compileJava (Thread[#913,Execution worker Thread 2,5,main]) started.
[        ] > Task :gradle:compileJava NO-SOURCE
[        ] Skipping task ':gradle:compileJava' as it has no source files and no previous output files.
[        ] Resolve mutations for :gradle:compileGroovy (Thread[#913,Execution worker Thread 2,5,main]) started.
[        ] :gradle:compileGroovy (Thread[#913,Execution worker Thread 2,5,main]) started.
[ +198 ms] > Task :gradle:compileGroovy UP-TO-DATE
[        ] Caching disabled for task ':gradle:compileGroovy' because:
[        ]   Build cache is disabled
[        ] Skipping task ':gradle:compileGroovy' as it is up-to-date.
[        ] Resolve mutations for :gradle:pluginDescriptors (Thread[#913,Execution worker Thread 2,5,main]) started.
[        ] :gradle:pluginDescriptors (Thread[#913,Execution worker Thread 2,5,main]) started.
[        ] > Task :gradle:pluginDescriptors UP-TO-DATE
[        ] Caching disabled for task ':gradle:pluginDescriptors' because:
[        ]   Build cache is disabled
[        ] Skipping task ':gradle:pluginDescriptors' as it is up-to-date.
[        ] Resolve mutations for :gradle:processResources (Thread[#911,included builds,5,main]) started.
[        ] :gradle:processResources (Thread[#911,included builds,5,main]) started.
[        ] > Task :gradle:processResources UP-TO-DATE
[        ] Caching disabled for task ':gradle:processResources' because:
[        ]   Build cache is disabled
[        ] Skipping task ':gradle:processResources' as it is up-to-date.
[        ] Resolve mutations for :gradle:classes (Thread[#913,Execution worker Thread 2,5,main]) started.
[        ] :gradle:classes (Thread[#913,Execution worker Thread 2,5,main]) started.
[        ] > Task :gradle:classes UP-TO-DATE
[        ] Skipping task ':gradle:classes' as it has no actions.
[        ] Resolve mutations for :gradle:jar (Thread[#911,included builds,5,main]) started.
[        ] :gradle:jar (Thread[#911,included builds,5,main]) started.
[  +88 ms] > Task :gradle:jar UP-TO-DATE
[        ] Caching disabled for task ':gradle:jar' because:
[        ]   Build cache is disabled
[        ] Skipping task ':gradle:jar' as it is up-to-date.
[ +401 ms] Settings evaluated using settings file 'C:\Users\chzam\OneDrive\Desktop\cerebro-patio\Cerebro\mobile_app\android\settings.gradle'.
[ +108 ms] Projects loaded. Root project using build file 'C:\Users\chzam\OneDrive\Desktop\cerebro-patio\Cerebro\mobile_app\android\build.gradle'.
[   +1 ms] Included projects: [root project 'android', project ':app', project ':connectivity_plus', project ':flutter_secure_storage', project ':path_provider_android', project ':shared_preferences_android', project ':sqflite']
[+1184 ms] > Configure project :app
[        ] Evaluating project ':app' using build file 'C:\Users\chzam\OneDrive\Desktop\cerebro-patio\Cerebro\mobile_app\android\app\build.gradle'.
[        ] Using default execution profile
[        ] Using Kotlin Gradle Plugin gradle70 variant
[        ] Parsed shrinker version: 8.3.36
[        ] > Configure project :
[        ] Evaluating root project 'android' using build file 'C:\Users\chzam\OneDrive\Desktop\cerebro-patio\Cerebro\mobile_app\android\build.gradle'.
[+2006 ms] > Configure project :connectivity_plus
[        ] Evaluating project ':connectivity_plus' using build file 'C:\Users\chzam\AppData\Local\Pub\Cache\hosted\pub.dev\connectivity_plus-5.0.2\android\build.gradle'.
[+1491 ms] Using default execution profile
[ +200 ms] > Configure project :flutter_secure_storage
[        ] Evaluating project ':flutter_secure_storage' using build file 'C:\Users\chzam\AppData\Local\Pub\Cache\hosted\pub.dev\flutter_secure_storage-9.2.4\android\build.gradle'.
[        ] Using default execution profile
[ +308 ms] > Configure project :path_provider_android
[   +2 ms] Evaluating project ':path_provider_android' using build file 'C:\Users\chzam\AppData\Local\Pub\Cache\hosted\pub.dev\path_provider_android-2.2.4\android\build.gradle'.
[        ] Using default execution profile
[ +289 ms] > Configure project :shared_preferences_android
[        ] Evaluating project ':shared_preferences_android' using build file 'C:\Users\chzam\AppData\Local\Pub\Cache\hosted\pub.dev\shared_preferences_android-2.2.2\android\build.gradle'.
[        ] Using default execution profile
[ +204 ms] > Configure project :sqflite
[        ] Evaluating project ':sqflite' using build file 'C:\Users\chzam\AppData\Local\Pub\Cache\hosted\pub.dev\sqflite-2.3.2\android\build.gradle'.
[        ] Using default execution profile
[        ] All projects evaluated.
[ +202 ms] Task name matched 'assembleDebug'
[        ] Selected primary task 'assembleDebug' from project :
[ +803 ms] Tasks to be executed: [task ':app:preBuild', task ':app:preDebugBuild', task ':app:mergeDebugNativeDebugMetadata', task ':app:compileFlutterBuildDebug', task ':app:packLibsflutterBuildDebug', task ':connectivity_plus:preBuild', task ':connectivity_plus:preDebugBuild', task ':connectivity_plus:writeDebugAarMetadata', task ':flutter_secure_storage:preBuild', task ':flutter_secure_storage:preDebugBuild', task ':flutter_secure_storage:writeDebugAarMetadata', task ':path_provider_android:preBuild', task ':path_provider_android:preDebugBuild', task ':path_provider_android:writeDebugAarMetadata', task ':shared_preferences_android:preBuild', task ':shared_preferences_android:preDebugBuild', task ':shared_preferences_android:writeDebugAarMetadata', task ':sqflite:preBuild', task ':sqflite:preDebugBuild', task ':sqflite:writeDebugAarMetadata', task ':app:checkDebugAarMetadata', task ':app:cleanMergeDebugAssets', task ':app:mergeDebugShaders', task ':app:compileDebugShaders', task ':app:generateDebugAssets', task ':connectivity_plus:mergeDebugShaders', task ':connectivity_plus:compileDebugShaders', task ':connectivity_plus:generateDebugAssets', task ':connectivity_plus:packageDebugAssets', task ':flutter_secure_storage:mergeDebugShaders', task ':flutter_secure_storage:compileDebugShaders', task ':flutter_secure_storage:generateDebugAssets', task ':flutter_secure_storage:packageDebugAssets', task ':path_provider_android:mergeDebugShaders', task ':path_provider_android:compileDebugShaders', task ':path_provider_android:generateDebugAssets', task ':path_provider_android:packageDebugAssets', task ':shared_preferences_android:mergeDebugShaders', task ':shared_preferences_android:compileDebugShaders', task ':shared_preferences_android:generateDebugAssets', task ':shared_preferences_android:packageDebugAssets', task ':sqflite:mergeDebugShaders', task ':sqflite:compileDebugShaders', task ':sqflite:generateDebugAssets', task ':sqflite:packageDebugAssets', task ':app:mergeDebugAssets', task ':app:copyFlutterAssetsDebug', task ':app:generateDebugResValues', task ':connectivity_plus:generateDebugResValues', task ':connectivity_plus:generateDebugResources', task ':connectivity_plus:packageDebugResources', task ':flutter_secure_storage:generateDebugResValues', task ':flutter_secure_storage:generateDebugResources', task ':flutter_secure_storage:packageDebugResources', task ':path_provider_android:generateDebugResValues', task ':path_provider_android:generateDebugResources', task ':path_provider_android:packageDebugResources', task ':shared_preferences_android:generateDebugResValues', task ':shared_preferences_android:generateDebugResources', task ':shared_preferences_android:packageDebugResources', task ':sqflite:generateDebugResValues', task ':sqflite:generateDebugResources', task ':sqflite:packageDebugResources', task ':app:mapDebugSourceSetPaths', task ':app:generateDebugResources', task ':app:mergeDebugResources', task ':app:packageDebugResources', task ':app:parseDebugLocalResources', task ':app:createDebugCompatibleScreenManifests', task ':app:extractDeepLinksDebug', task ':connectivity_plus:extractDeepLinksDebug', task ':connectivity_plus:processDebugManifest', task ':flutter_secure_storage:extractDeepLinksDebug', task ':flutter_secure_storage:processDebugManifest', task ':path_provider_android:extractDeepLinksDebug', task ':path_provider_android:processDebugManifest', task ':shared_preferences_android:extractDeepLinksDebug', task ':shared_preferences_android:processDebugManifest', task ':sqflite:extractDeepLinksDebug', task ':sqflite:processDebugManifest', task ':app:processDebugMainManifest', task ':app:processDebugManifest', task ':app:processDebugManifestForPackage', task ':connectivity_plus:compileDebugLibraryResources', task ':connectivity_plus:parseDebugLocalResources', task ':connectivity_plus:generateDebugRFile', task ':flutter_secure_storage:compileDebugLibraryResources', task ':flutter_secure_storage:parseDebugLocalResources', task ':flutter_secure_storage:generateDebugRFile', task ':path_provider_android:compileDebugLibraryResources', task ':path_provider_android:parseDebugLocalResources', task ':path_provider_android:generateDebugRFile', task ':shared_preferences_android:compileDebugLibraryResources', task ':shared_preferences_android:parseDebugLocalResources', task ':shared_preferences_android:generateDebugRFile', task ':sqflite:compileDebugLibraryResources', task ':sqflite:parseDebugLocalResources', task ':sqflite:generateDebugRFile', task ':app:processDebugResources', task ':connectivity_plus:javaPreCompileDebug', task ':connectivity_plus:compileDebugJavaWithJavac', task ':connectivity_plus:bundleLibCompileToJarDebug', task ':flutter_secure_storage:generateDebugBuildConfig', task ':flutter_secure_storage:javaPreCompileDebug', task ':flutter_secure_storage:compileDebugJavaWithJavac', task ':flutter_secure_storage:bundleLibCompileToJarDebug', task ':path_provider_android:javaPreCompileDebug', task ':path_provider_android:compileDebugJavaWithJavac', task ':path_provider_android:bundleLibCompileToJarDebug', task ':shared_preferences_android:javaPreCompileDebug', task ':shared_preferences_android:compileDebugJavaWithJavac', task ':shared_preferences_android:bundleLibCompileToJarDebug', task ':sqflite:javaPreCompileDebug', task ':sqflite:compileDebugJavaWithJavac', task ':sqflite:bundleLibCompileToJarDebug', task ':app:compileDebugKotlin', task ':app:javaPreCompileDebug', task ':app:compileDebugJavaWithJavac', task ':app:compressDebugAssets', task ':app:processDebugJavaRes', task ':connectivity_plus:processDebugJavaRes', task ':flutter_secure_storage:processDebugJavaRes', task ':path_provider_android:processDebugJavaRes', task ':shared_preferences_android:processDebugJavaRes', task ':sqflite:processDebugJavaRes', task ':app:mergeDebugJavaResource', task ':shared_preferences_android:bundleLibRuntimeToJarDebug', task ':sqflite:bundleLibRuntimeToJarDebug', task ':path_provider_android:bundleLibRuntimeToJarDebug', task ':flutter_secure_storage:bundleLibRuntimeToJarDebug', task ':connectivity_plus:bundleLibRuntimeToJarDebug', task ':app:checkDebugDuplicateClasses', task ':app:dexBuilderDebug', task ':app:desugarDebugFileDependencies', task ':app:mergeExtDexDebug', task ':app:mergeDexDebug', task ':app:mergeDebugJniLibFolders', task ':connectivity_plus:mergeDebugJniLibFolders', task ':connectivity_plus:mergeDebugNativeLibs', task ':connectivity_plus:copyDebugJniLibsProjectOnly', task ':flutter_secure_storage:mergeDebugJniLibFolders', task ':flutter_secure_storage:mergeDebugNativeLibs', task ':flutter_secure_storage:copyDebugJniLibsProjectOnly', task ':path_provider_android:mergeDebugJniLibFolders', task ':path_provider_android:mergeDebugNativeLibs', task ':path_provider_android:copyDebugJniLibsProjectOnly', task ':shared_preferences_android:mergeDebugJniLibFolders', task ':shared_preferences_android:mergeDebugNativeLibs', task ':shared_preferences_android:copyDebugJniLibsProjectOnly', task ':sqflite:mergeDebugJniLibFolders', task ':sqflite:mergeDebugNativeLibs', task ':sqflite:copyDebugJniLibsProjectOnly', task ':app:mergeDebugNativeLibs', task ':app:stripDebugDebugSymbols', task ':app:validateSigningDebug', task ':app:writeDebugAppMetadata', task ':app:writeDebugSigningConfigVersions', task ':app:packageDebug', task ':app:createDebugApkListingFileRedirect', task ':app:assembleDebug', task ':connectivity_plus:stripDebugDebugSymbols', task ':connectivity_plus:copyDebugJniLibsProjectAndLocalJars', task ':connectivity_plus:extractDebugAnnotations', task ':connectivity_plus:extractDeepLinksForAarDebug', task ':connectivity_plus:mergeDebugGeneratedProguardFiles', task ':connectivity_plus:mergeDebugConsumerProguardFiles', task ':connectivity_plus:prepareDebugArtProfile', task ':connectivity_plus:prepareLintJarForPublish', task ':connectivity_plus:mergeDebugJavaResource', task ':connectivity_plus:syncDebugLibJars', task ':connectivity_plus:bundleDebugAar', task ':connectivity_plus:assembleDebug', task ':flutter_secure_storage:stripDebugDebugSymbols', task ':flutter_secure_storage:copyDebugJniLibsProjectAndLocalJars', task ':flutter_secure_storage:extractDebugAnnotations', task ':flutter_secure_storage:extractDeepLinksForAarDebug', task ':flutter_secure_storage:mergeDebugGeneratedProguardFiles', task ':flutter_secure_storage:mergeDebugConsumerProguardFiles', task ':flutter_secure_storage:prepareDebugArtProfile', task ':flutter_secure_storage:prepareLintJarForPublish', task ':flutter_secure_storage:mergeDebugJavaResource', task ':flutter_secure_storage:syncDebugLibJars', task ':flutter_secure_storage:bundleDebugAar', task ':flutter_secure_storage:assembleDebug', task ':path_provider_android:stripDebugDebugSymbols', task ':path_provider_android:copyDebugJniLibsProjectAndLocalJars', task ':path_provider_android:extractDebugAnnotations', task ':path_provider_android:extractDeepLinksForAarDebug', task ':path_provider_android:mergeDebugGeneratedProguardFiles', task ':path_provider_android:mergeDebugConsumerProguardFiles', task ':path_provider_android:prepareDebugArtProfile', task ':path_provider_android:prepareLintJarForPublish', task ':path_provider_android:mergeDebugJavaResource', task ':path_provider_android:syncDebugLibJars', task ':path_provider_android:bundleDebugAar', task ':path_provider_android:assembleDebug', task ':shared_preferences_android:stripDebugDebugSymbols', task ':shared_preferences_android:copyDebugJniLibsProjectAndLocalJars', task ':shared_preferences_android:extractDebugAnnotations', task ':shared_preferences_android:extractDeepLinksForAarDebug', task ':shared_preferences_android:mergeDebugGeneratedProguardFiles', task ':shared_preferences_android:mergeDebugConsumerProguardFiles', task ':shared_preferences_android:prepareDebugArtProfile', task ':shared_preferences_android:prepareLintJarForPublish', task ':shared_preferences_android:mergeDebugJavaResource', task ':shared_preferences_android:syncDebugLibJars', task ':shared_preferences_android:bundleDebugAar', task ':shared_preferences_android:assembleDebug', task ':sqflite:stripDebugDebugSymbols', task ':sqflite:copyDebugJniLibsProjectAndLocalJars', task ':sqflite:extractDebugAnnotations', task ':sqflite:extractDeepLinksForAarDebug', task ':sqflite:mergeDebugGeneratedProguardFiles', task ':sqflite:mergeDebugConsumerProguardFiles', task ':sqflite:prepareDebugArtProfile', task ':sqflite:prepareLintJarForPublish', task ':sqflite:mergeDebugJavaResource', task ':sqflite:syncDebugLibJars', task ':sqflite:bundleDebugAar', task ':sqflite:assembleDebug']
[   +5 ms] Tasks that were excluded: []
[  +19 ms] work action Parameters of DexingWithClasspathTransform (Thread[#917,Execution worker Thread 6,5,main]) started.
[        ] Resolve mutations for :app:preBuild (Thread[#917,Execution worker Thread 6,5,main]) started.
[        ] :app:preBuild (Thread[#917,Execution worker Thread 6,5,main]) started.
[        ] > Task :app:preBuild UP-TO-DATE
[        ] Skipping task ':app:preBuild' as it has no actions.
[        ] Resolve mutations for :app:preDebugBuild (Thread[#917,Execution worker Thread 6,5,main]) started.
[        ] :app:preDebugBuild (Thread[#917,Execution worker Thread 6,5,main]) started.
[        ] > Task :app:preDebugBuild UP-TO-DATE
[        ] Skipping task ':app:preDebugBuild' as it has no actions.
[        ] Resolve mutations for :app:mergeDebugNativeDebugMetadata (Thread[#917,Execution worker Thread 6,5,main]) started.
[        ] :app:mergeDebugNativeDebugMetadata (Thread[#917,Execution worker Thread 6,5,main]) started.
[  +62 ms] > Task :app:mergeDebugNativeDebugMetadata NO-SOURCE
[   +2 ms] Skipping task ':app:mergeDebugNativeDebugMetadata' as it has no source files and no previous output files.
[   +1 ms] Resolve mutations for :app:compileFlutterBuildDebug (Thread[#917,Execution worker Thread 6,5,main]) started.
[        ] :app:compileFlutterBuildDebug (Thread[#917,Execution worker Thread 6,5,main]) started.
[+2002 ms] > Task :app:compileFlutterBuildDebug
[   +1 ms] Caching disabled for task ':app:compileFlutterBuildDebug' because:
[        ]   Build cache is disabled
[        ] Task ':app:compileFlutterBuildDebug' is not up-to-date because:
[        ]   Value of input property 'verbose' has changed for task ':app:compileFlutterBuildDebug'
[        ] Starting process 'command 'C:\Users\chzam\OneDrive\Desktop\cerebro-patio\Cerebro\flutter\bin\flutter.bat''. Working directory: C:\Users\chzam\OneDrive\Desktop\cerebro-patio\Cerebro\mobile_app Command: C:\Users\chzam\OneDrive\Desktop\cerebro-patio\Cerebro\flutter\bin\flutter.bat --verbose assemble --no-version-check --depfile C:\Users\chzam\OneDrive\Desktop\cerebro-patio\Cerebro\mobile_app\build\app\intermediates\flutter\debug/flutter_build.d --output C:\Users\chzam\OneDrive\Desktop\cerebro-patio\Cerebro\mobile_app\build\app\intermediates\flutter\debug -dTargetFile=lib\main.dart -dTargetPlatform=android -dBuildMode=debug -dTrackWidgetCreation=true debug_android_application
[        ] Successfully started process 'command 'C:\Users\chzam\OneDrive\Desktop\cerebro-patio\Cerebro\flutter\bin\flutter.bat''
[  +90 ms] [ +117 ms] Artifact Instance of 'AndroidGenSnapshotArtifacts' is not required, skipping update.
[        ] [        ] Artifact Instance of 'AndroidInternalBuildArtifacts' is not required, skipping update.
[   +1 ms] [        ] Artifact Instance of 'IOSEngineArtifacts' is not required, skipping update.
[        ] [        ] Artifact Instance of 'FlutterWebSdk' is not required, skipping update.
[        ] [        ] Artifact Instance of 'LegacyCanvasKitRemover' is not required, skipping update.
[        ] [   +9 ms] Artifact Instance of 'WindowsEngineArtifacts' is not required, skipping update.
[        ] [        ] Artifact Instance of 'MacOSEngineArtifacts' is not required, skipping update.
[        ] [        ] Artifact Instance of 'LinuxEngineArtifacts' is not required, skipping update.
[        ] [        ] Artifact Instance of 'LinuxFuchsiaSDKArtifacts' is not required, skipping update.
[        ] [        ] Artifact Instance of 'MacOSFuchsiaSDKArtifacts' is not required, skipping update.
[        ] [        ] Artifact Instance of 'FlutterRunnerSDKArtifacts' is not required, skipping update.
[        ] [        ] Artifact Instance of 'FlutterRunnerDebugSymbols' is not required, skipping update.
[ +197 ms] [ +132 ms] Artifact Instance of 'MaterialFonts' is not required, skipping update.
[        ] [        ] Artifact Instance of 'GradleWrapper' is not required, skipping update.
[        ] [   +4 ms] Artifact Instance of 'AndroidInternalBuildArtifacts' is not required, skipping update.
[        ] [        ] Artifact Instance of 'IOSEngineArtifacts' is not required, skipping update.
[        ] [        ] Artifact Instance of 'FlutterWebSdk' is not required, skipping update.
[        ] [        ] Artifact Instance of 'LegacyCanvasKitRemover' is not required, skipping update.
[        ] [        ] Artifact Instance of 'FlutterSdk' is not required, skipping update.
[        ] [        ] Artifact Instance of 'WindowsEngineArtifacts' is not required, skipping update.
[        ] [        ] Artifact Instance of 'MacOSEngineArtifacts' is not required, skipping update.
[        ] [        ] Artifact Instance of 'LinuxEngineArtifacts' is not required, skipping update.
[        ] [        ] Artifact Instance of 'LinuxFuchsiaSDKArtifacts' is not required, skipping update.
[        ] [        ] Artifact Instance of 'MacOSFuchsiaSDKArtifacts' is not required, skipping update.
[        ] [        ] Artifact Instance of 'FlutterRunnerSDKArtifacts' is not required, skipping update.
[        ] [        ] Artifact Instance of 'FlutterRunnerDebugSymbols' is not required, skipping update.
[        ] [        ] Artifact Instance of 'IosUsbArtifacts' is not required, skipping update.
[        ] [        ] Artifact Instance of 'IosUsbArtifacts' is not required, skipping update.
[        ] [        ] Artifact Instance of 'IosUsbArtifacts' is not required, skipping update.
[        ] [        ] Artifact Instance of 'IosUsbArtifacts' is not required, skipping update.
[        ] [        ] Artifact Instance of 'IosUsbArtifacts' is not required, skipping update.
[        ] [        ] Artifact Instance of 'FontSubsetArtifacts' is not required, skipping update.
[        ] [        ] Artifact Instance of 'PubDependencies' is not required, skipping update.
[        ] [  +62 ms] Initializing file store
[ +106 ms] [  +23 ms] Done initializing file store
[        ] [  +75 ms] Skipping target: native_assets
[        ] [   +1 ms] Skipping target: gen_localizations
[        ] [   +2 ms] Skipping target: gen_dart_plugin_registrant
[+3291 ms] [+3273 ms] Skipping target: kernel_snapshot
[ +802 ms] [ +722 ms] Skipping target: debug_android_application
[        ] [   +1 ms] Persisting file store
[        ] [  +16 ms] Done persisting file store
[        ] [  +10 ms] build succeeded.
[        ] [  +28 ms] "flutter assemble" took 4.375ms.
[ +291 ms] [ +270 ms] ensureAnalyticsSent: 264ms
[        ] [        ] Running 0 shutdown hooks
[        ] [        ] Shutdown hooks complete
[        ] [        ] exiting with code 0
[        ] Starting process 'command 'cmd''. Working directory: C:\Users\chzam\OneDrive\Desktop\cerebro-patio\Cerebro\mobile_app\android\app Command: cmd /c attrib -r C:\Users\chzam\OneDrive\Desktop\cerebro-patio\Cerebro\mobile_app\build\app\intermediates\flutter\debug/flutter_assets/* /s
[ +107 ms] Successfully started process 'command 'cmd''
[ +202 ms] Resolve mutations for :app:packLibsflutterBuildDebug (Thread[#917,Execution worker Thread 6,5,main]) started.
[        ] :app:packLibsflutterBuildDebug (Thread[#917,Execution worker Thread 6,5,main]) started.
[        ] > Task :app:packLibsflutterBuildDebug UP-TO-DATE
[        ] Caching disabled for task ':app:packLibsflutterBuildDebug' because:
[        ]   Build cache is disabled
[        ] Skipping task ':app:packLibsflutterBuildDebug' as it is up-to-date.
[        ] work action org.gradle.api.internal.artifacts.transform.DefaultTransformUpstreamDependenciesResolver$FinalizeTransformDependenciesFromSelectedArtifacts$CalculateFinalDependencies@134ba440 (Thread[#917,Execution worker Thread 6,5,main]) started.
[  +93 ms] work action Dependencies for project :shared_preferences_android {artifactType=android-classes-jar, dexing-component-attributes=ComponentSpecificParameters(minSdkVersion=19, debuggable=true, enableCoreLibraryDesugaring=false, enableGlobalSynthetics=false, enableApiModeling=false, dependenciesClassesAreInstrumented=false, asmTransformComponent=null, useJacocoTransformInstrumentation=false, enableDesugaring=true, needsClasspath=true, useFullClasspath=false, componentIfUsingFullClasspath=null)} (Thread[#917,Execution worker Thread 6,5,main]) started.
[        ] Transforming kotlin-stdlib-jdk8-1.7.10.jar (org.jetbrains.kotlin:kotlin-stdlib-jdk8:1.7.10) with JetifyTransform
[        ] Transforming kotlin-stdlib-jdk8-1.7.10.jar (org.jetbrains.kotlin:kotlin-stdlib-jdk8:1.7.10) with IdentityTransform
[        ] Transforming flutter_embedding_debug-1.0.0-f40e976bedff57e69e1b3d89a7c2a3c617a03dad.jar (io.flutter:flutter_embedding_debug:1.0.0-f40e976bedff57e69e1b3d89a7c2a3c617a03dad) with JetifyTransform
[        ] Transforming flutter_embedding_debug-1.0.0-f40e976bedff57e69e1b3d89a7c2a3c617a03dad.jar (io.flutter:flutter_embedding_debug:1.0.0-f40e976bedff57e69e1b3d89a7c2a3c617a03dad) with IdentityTransform
[        ] Transforming kotlin-stdlib-jdk7-1.7.10.jar (org.jetbrains.kotlin:kotlin-stdlib-jdk7:1.7.10) with JetifyTransform
[        ] Transforming kotlin-stdlib-jdk7-1.7.10.jar (org.jetbrains.kotlin:kotlin-stdlib-jdk7:1.7.10) with IdentityTransform
[        ] Transforming kotlin-stdlib-1.7.10.jar (org.jetbrains.kotlin:kotlin-stdlib:1.7.10) with JetifyTransform
[        ] Transforming kotlin-stdlib-1.7.10.jar (org.jetbrains.kotlin:kotlin-stdlib:1.7.10) with IdentityTransform
[        ] Transforming kotlin-stdlib-common-1.7.10.jar (org.jetbrains.kotlin:kotlin-stdlib-common:1.7.10) with JetifyTransform
[        ] Transforming kotlin-stdlib-common-1.7.10.jar (org.jetbrains.kotlin:kotlin-stdlib-common:1.7.10) with IdentityTransform
[        ] Transforming window-java-1.0.0-beta04.aar (androidx.window:window-java:1.0.0-beta04) with JetifyTransform
[        ] Transforming annotations-13.0.jar (org.jetbrains:annotations:13.0) with JetifyTransform
[        ] Transforming window-java-1.0.0-beta04.aar (androidx.window:window-java:1.0.0-beta04) with AarToClassTransform
[        ] Transforming annotations-13.0.jar (org.jetbrains:annotations:13.0) with IdentityTransform
[        ] Transforming window-1.0.0-beta04.aar (androidx.window:window:1.0.0-beta04) with JetifyTransform
[        ] Transforming window-1.0.0-beta04.aar (androidx.window:window:1.0.0-beta04) with AarToClassTransform
[        ] Transforming kotlinx-coroutines-android-1.5.2.jar (org.jetbrains.kotlinx:kotlinx-coroutines-android:1.5.2) with JetifyTransform
[        ] Transforming kotlinx-coroutines-android-1.5.2.jar (org.jetbrains.kotlinx:kotlinx-coroutines-android:1.5.2) with IdentityTransform
[        ] Transforming kotlinx-coroutines-core-jvm-1.5.2.jar (org.jetbrains.kotlinx:kotlinx-coroutines-core-jvm:1.5.2) with JetifyTransform
[        ] Transforming kotlinx-coroutines-core-jvm-1.5.2.jar (org.jetbrains.kotlinx:kotlinx-coroutines-core-jvm:1.5.2) with IdentityTransform
[        ] Transforming lifecycle-common-java8-2.2.0.jar (androidx.lifecycle:lifecycle-common-java8:2.2.0) with JetifyTransform
[        ] Transforming lifecycle-common-java8-2.2.0.jar (androidx.lifecycle:lifecycle-common-java8:2.2.0) with IdentityTransform
[        ] Transforming fragment-1.1.0.aar (androidx.fragment:fragment:1.1.0) with JetifyTransform
[        ] Transforming fragment-1.1.0.aar (androidx.fragment:fragment:1.1.0) with AarToClassTransform
[        ] Transforming viewpager-1.0.0.aar (androidx.viewpager:viewpager:1.0.0) with JetifyTransform
[        ] Transforming viewpager-1.0.0.aar (androidx.viewpager:viewpager:1.0.0) with AarToClassTransform
[        ] Transforming loader-1.0.0.aar (androidx.loader:loader:1.0.0) with JetifyTransform
[        ] Transforming loader-1.0.0.aar (androidx.loader:loader:1.0.0) with AarToClassTransform
[        ] Transforming activity-1.0.0.aar (androidx.activity:activity:1.0.0) with JetifyTransform
[        ] Transforming activity-1.0.0.aar (androidx.activity:activity:1.0.0) with AarToClassTransform
[        ] Transforming customview-1.0.0.aar (androidx.customview:customview:1.0.0) with JetifyTransform
[        ] Transforming customview-1.0.0.aar (androidx.customview:customview:1.0.0) with AarToClassTransform
[        ] Transforming core-1.6.0.aar (androidx.core:core:1.6.0) with JetifyTransform
[        ] Transforming core-1.6.0.aar (androidx.core:core:1.6.0) with AarToClassTransform
[        ] Transforming core-1.6.0.aar (androidx.core:core:1.6.0) with JetifyTransform
[        ] Transforming core-1.6.0.aar (androidx.core:core:1.6.0) with JetifyTransform
[        ] Transforming core-1.6.0.aar (androidx.core:core:1.6.0) with AarToClassTransform
[        ] Transforming core-1.6.0.aar (androidx.core:core:1.6.0) with JetifyTransform
[        ] Transforming core-1.6.0.aar (androidx.core:core:1.6.0) with JetifyTransform
[        ] Transforming core-1.6.0.aar (androidx.core:core:1.6.0) with AarToClassTransform
[        ] Transforming core-1.6.0.aar (androidx.core:core:1.6.0) with AarToClassTransform
[        ] Transforming core-1.6.0.aar (androidx.core:core:1.6.0) with JetifyTransform
[        ] Transforming core-1.6.0.aar (androidx.core:core:1.6.0) with AarToClassTransform
[        ] Transforming core-1.6.0.aar (androidx.core:core:1.6.0) with AarToClassTransform
[        ] Transforming lifecycle-runtime-2.2.0.aar (androidx.lifecycle:lifecycle-runtime:2.2.0) with JetifyTransform
[        ] Transforming lifecycle-runtime-2.2.0.aar (androidx.lifecycle:lifecycle-runtime:2.2.0) with AarToClassTransform
[        ] Transforming lifecycle-runtime-2.2.0.aar (androidx.lifecycle:lifecycle-runtime:2.2.0) with JetifyTransform
[        ] Transforming lifecycle-runtime-2.2.0.aar (androidx.lifecycle:lifecycle-runtime:2.2.0) with AarToClassTransform
[        ] Transforming savedstate-1.0.0.aar (androidx.savedstate:savedstate:1.0.0) with JetifyTransform
[        ] Transforming savedstate-1.0.0.aar (androidx.savedstate:savedstate:1.0.0) with AarToClassTransform
[        ] Transforming lifecycle-livedata-2.0.0.aar (androidx.lifecycle:lifecycle-livedata:2.0.0) with JetifyTransform
[        ] Transforming lifecycle-livedata-2.0.0.aar (androidx.lifecycle:lifecycle-livedata:2.0.0) with AarToClassTransform
[        ] Transforming lifecycle-livedata-core-2.0.0.aar (androidx.lifecycle:lifecycle-livedata-core:2.0.0) with JetifyTransform
[        ] Transforming lifecycle-livedata-core-2.0.0.aar (androidx.lifecycle:lifecycle-livedata-core:2.0.0) with AarToClassTransform
[        ] Transforming lifecycle-common-2.2.0.jar (androidx.lifecycle:lifecycle-common:2.2.0) with JetifyTransform
[        ] Transforming lifecycle-common-2.2.0.jar (androidx.lifecycle:lifecycle-common:2.2.0) with IdentityTransform
[        ] Transforming tracing-1.0.0.aar (androidx.tracing:tracing:1.0.0) with JetifyTransform
[        ] Transforming tracing-1.0.0.aar (androidx.tracing:tracing:1.0.0) with AarToClassTransform
[        ] Transforming versionedparcelable-1.1.1.aar (androidx.versionedparcelable:versionedparcelable:1.1.1) with JetifyTransform
[        ] Transforming versionedparcelable-1.1.1.aar (androidx.versionedparcelable:versionedparcelable:1.1.1) with AarToClassTransform
[        ] Transforming collection-1.1.0.jar (androidx.collection:collection:1.1.0) with JetifyTransform
[        ] Transforming collection-1.1.0.jar (androidx.collection:collection:1.1.0) with IdentityTransform
[        ] Transforming core-runtime-2.0.0.aar (androidx.arch.core:core-runtime:2.0.0) with JetifyTransform
[        ] Transforming core-runtime-2.0.0.aar (androidx.arch.core:core-runtime:2.0.0) with JetifyTransform
[        ] Transforming core-runtime-2.0.0.aar (androidx.arch.core:core-runtime:2.0.0) with AarToClassTransform
[        ] Transforming core-runtime-2.0.0.aar (androidx.arch.core:core-runtime:2.0.0) with AarToClassTransform
[        ] Transforming core-common-2.1.0.jar (androidx.arch.core:core-common:2.1.0) with JetifyTransform
[        ] Transforming core-common-2.1.0.jar (androidx.arch.core:core-common:2.1.0) with IdentityTransform
[        ] Transforming lifecycle-viewmodel-2.1.0.aar (androidx.lifecycle:lifecycle-viewmodel:2.1.0) with JetifyTransform
[        ] Transforming lifecycle-viewmodel-2.1.0.aar (androidx.lifecycle:lifecycle-viewmodel:2.1.0) with JetifyTransform
[        ] Transforming lifecycle-viewmodel-2.1.0.aar (androidx.lifecycle:lifecycle-viewmodel:2.1.0) with AarToClassTransform
[        ] Transforming lifecycle-viewmodel-2.1.0.aar (androidx.lifecycle:lifecycle-viewmodel:2.1.0) with AarToClassTransform
[        ] Transforming lifecycle-viewmodel-2.1.0.aar (androidx.lifecycle:lifecycle-viewmodel:2.1.0) with JetifyTransform
[        ] Transforming lifecycle-viewmodel-2.1.0.aar (androidx.lifecycle:lifecycle-viewmodel:2.1.0) with AarToClassTransform
[        ] Transforming annotation-jvm-1.7.1.jar (androidx.annotation:annotation-jvm:1.7.1) with JetifyTransform
[        ] Transforming annotation-jvm-1.7.1.jar (androidx.annotation:annotation-jvm:1.7.1) with IdentityTransform
[        ] Transforming annotation-experimental-1.1.0.aar (androidx.annotation:annotation-experimental:1.1.0) with JetifyTransform
[        ] Transforming annotation-experimental-1.1.0.aar (androidx.annotation:annotation-experimental:1.1.0) with AarToClassTransform
[        ] work action org.gradle.api.internal.artifacts.transform.DefaultTransformUpstreamDependenciesResolver$FinalizeTransformDependenciesFromSelectedArtifacts$CalculateFinalDependencies@2c700ca1 (Thread[#917,Execution worker Thread 6,5,main]) started.
[        ] work action Dependencies for project :sqflite {artifactType=android-classes-jar, dexing-component-attributes=ComponentSpecificParameters(minSdkVersion=19, debuggable=true, enableCoreLibraryDesugaring=false, enableGlobalSynthetics=false, enableApiModeling=false, dependenciesClassesAreInstrumented=false, asmTransformComponent=null, useJacocoTransformInstrumentation=false, enableDesugaring=true, needsClasspath=true, useFullClasspath=false, componentIfUsingFullClasspath=null)} (Thread[#917,Execution worker Thread 6,5,main]) started.
[        ] work action org.gradle.api.internal.artifacts.transform.DefaultTransformUpstreamDependenciesResolver$FinalizeTransformDependenciesFromSelectedArtifacts$CalculateFinalDependencies@2d74ac84 (Thread[#917,Execution worker Thread 6,5,main]) started.
[        ] work action Dependencies for project :path_provider_android {artifactType=android-classes-jar, dexing-component-attributes=ComponentSpecificParameters(minSdkVersion=19, debuggable=true, enableCoreLibraryDesugaring=false, enableGlobalSynthetics=false, enableApiModeling=false, dependenciesClassesAreInstrumented=false, asmTransformComponent=null, useJacocoTransformInstrumentation=false, enableDesugaring=true, needsClasspath=true, useFullClasspath=false, componentIfUsingFullClasspath=null)} (Thread[#917,Execution worker Thread 6,5,main]) started.
[        ] work action org.gradle.api.internal.artifacts.transform.DefaultTransformUpstreamDependenciesResolver$FinalizeTransformDependenciesFromSelectedArtifacts$CalculateFinalDependencies@c1fa6df (Thread[#917,Execution worker Thread 6,5,main]) started.
[        ] work action Dependencies for project :flutter_secure_storage {artifactType=android-classes-jar, dexing-component-attributes=ComponentSpecificParameters(minSdkVersion=19, debuggable=true, enableCoreLibraryDesugaring=false, enableGlobalSynthetics=false, enableApiModeling=false, dependenciesClassesAreInstrumented=false, asmTransformComponent=null, useJacocoTransformInstrumentation=false, enableDesugaring=true, needsClasspath=true, useFullClasspath=false, componentIfUsingFullClasspath=null)} (Thread[#917,Execution worker Thread 6,5,main]) started.
[        ] Transforming jsr305-3.0.2.jar (com.google.code.findbugs:jsr305:3.0.2) with JetifyTransform
[        ] Transforming jsr305-3.0.2.jar (com.google.code.findbugs:jsr305:3.0.2) with IdentityTransform
[        ] Transforming gson-2.10.1.jar (com.google.code.gson:gson:2.10.1) with JetifyTransform
[        ] Transforming gson-2.10.1.jar (com.google.code.gson:gson:2.10.1) with IdentityTransform
[        ] Transforming error_prone_annotations-2.18.0.jar (com.google.errorprone:error_prone_annotations:2.18.0) with JetifyTransform
[        ] Transforming error_prone_annotations-2.18.0.jar (com.google.errorprone:error_prone_annotations:2.18.0) with IdentityTransform
[        ] work action org.gradle.api.internal.artifacts.transform.DefaultTransformUpstreamDependenciesResolver$FinalizeTransformDependenciesFromSelectedArtifacts$CalculateFinalDependencies@11c33e6e (Thread[#916,Execution worker Thread 5,5,main]) started.
[        ] Transforming security-crypto-1.1.0-alpha06.aar (androidx.security:security-crypto:1.1.0-alpha06) with JetifyTransform
[        ] work action Dependencies for project :connectivity_plus {artifactType=android-classes-jar, dexing-component-attributes=ComponentSpecificParameters(minSdkVersion=19, debuggable=true, enableCoreLibraryDesugaring=false, enableGlobalSynthetics=false, enableApiModeling=false, dependenciesClassesAreInstrumented=false, asmTransformComponent=null, useJacocoTransformInstrumentation=false, enableDesugaring=true, needsClasspath=true, useFullClasspath=false, componentIfUsingFullClasspath=null)} (Thread[#916,Execution worker Thread 5,5,main]) started.
[        ] Transforming security-crypto-1.1.0-alpha06.aar (androidx.security:security-crypto:1.1.0-alpha06) with AarToClassTransform
[        ] Resolve mutations for :connectivity_plus:preBuild (Thread[#916,Execution worker Thread 5,5,main]) started.
[        ] Transforming tink-android-1.9.0.jar (com.google.crypto.tink:tink-android:1.9.0) with JetifyTransform
[        ] Transforming tink-android-1.9.0.jar (com.google.crypto.tink:tink-android:1.9.0) with IdentityTransform
[        ] :connectivity_plus:preBuild (Thread[#916,Execution worker Thread 5,5,main]) started.
[        ] > Task :connectivity_plus:preBuild UP-TO-DATE
[        ] Skipping task ':connectivity_plus:preBuild' as it has no actions.
[        ] Resolve mutations for :connectivity_plus:preDebugBuild (Thread[#916,Execution worker Thread 5,5,main]) started.
[        ] :connectivity_plus:preDebugBuild (Thread[#916,Execution worker Thread 5,5,main]) started.
[        ] > Task :connectivity_plus:preDebugBuild UP-TO-DATE
[        ] Skipping task ':connectivity_plus:preDebugBuild' as it has no actions.
[        ] Resolve mutations for :connectivity_plus:writeDebugAarMetadata (Thread[#916,Execution worker Thread 5,5,main]) started.
[        ] :connectivity_plus:writeDebugAarMetadata (Thread[#916,Execution worker Thread 5,5,main]) started.
[        ] > Task :connectivity_plus:writeDebugAarMetadata UP-TO-DATE
[        ] Caching disabled for task ':connectivity_plus:writeDebugAarMetadata' because:
[        ]   Build cache is disabled
[        ] Skipping task ':connectivity_plus:writeDebugAarMetadata' as it is up-to-date.
[        ] work action resolve aar-metadata.properties (project :connectivity_plus) (Thread[#916,Execution worker Thread 5,5,main]) started.
[        ] Resolve mutations for :flutter_secure_storage:preBuild (Thread[#916,Execution worker Thread 5,5,main]) started.
[        ] :flutter_secure_storage:preBuild (Thread[#916,Execution worker Thread 5,5,main]) started.
[        ] > Task :flutter_secure_storage:preBuild UP-TO-DATE
[        ] Skipping task ':flutter_secure_storage:preBuild' as it has no actions.
[        ] Resolve mutations for :flutter_secure_storage:preDebugBuild (Thread[#916,Execution worker Thread 5,5,main]) started.
[        ] :flutter_secure_storage:preDebugBuild (Thread[#914,Execution worker Thread 3,5,main]) started.
[        ] > Task :flutter_secure_storage:preDebugBuild UP-TO-DATE
[        ] Skipping task ':flutter_secure_storage:preDebugBuild' as it has no actions.
[        ] Resolve mutations for :flutter_secure_storage:writeDebugAarMetadata (Thread[#914,Execution worker Thread 3,5,main]) started.
[        ] :flutter_secure_storage:writeDebugAarMetadata (Thread[#914,Execution worker Thread 3,5,main]) started.
[        ] > Task :flutter_secure_storage:writeDebugAarMetadata UP-TO-DATE
[        ] Caching disabled for task ':flutter_secure_storage:writeDebugAarMetadata' because:
[        ]   Build cache is disabled
[        ] Skipping task ':flutter_secure_storage:writeDebugAarMetadata' as it is up-to-date.
[        ] work action resolve aar-metadata.properties (project :flutter_secure_storage) (Thread[#914,Execution worker Thread 3,5,main]) started.
[        ] Resolve mutations for :path_provider_android:preBuild (Thread[#914,Execution worker Thread 3,5,main]) started.
[        ] :path_provider_android:preBuild (Thread[#914,Execution worker Thread 3,5,main]) started.
[        ] > Task :path_provider_android:preBuild UP-TO-DATE
[        ] Skipping task ':path_provider_android:preBuild' as it has no actions.
[        ] Resolve mutations for :path_provider_android:preDebugBuild (Thread[#914,Execution worker Thread 3,5,main]) started.
[        ] :path_provider_android:preDebugBuild (Thread[#914,Execution worker Thread 3,5,main]) started.
[        ] > Task :path_provider_android:preDebugBuild UP-TO-DATE
[        ] Skipping task ':path_provider_android:preDebugBuild' as it has no actions.
[        ] Resolve mutations for :path_provider_android:writeDebugAarMetadata (Thread[#914,Execution worker Thread 3,5,main]) started.
[        ] :path_provider_android:writeDebugAarMetadata (Thread[#914,Execution worker Thread 3,5,main]) started.
[        ] > Task :path_provider_android:writeDebugAarMetadata UP-TO-DATE
[        ] Caching disabled for task ':path_provider_android:writeDebugAarMetadata' because:
[        ]   Build cache is disabled
[        ] Skipping task ':path_provider_android:writeDebugAarMetadata' as it is up-to-date.
[        ] work action resolve aar-metadata.properties (project :path_provider_android) (Thread[#914,Execution worker Thread 3,5,main]) started.
[        ] Resolve mutations for :shared_preferences_android:preBuild (Thread[#914,Execution worker Thread 3,5,main]) started.
[        ] :shared_preferences_android:preBuild (Thread[#914,Execution worker Thread 3,5,main]) started.
[        ] > Task :shared_preferences_android:preBuild UP-TO-DATE
[        ] Skipping task ':shared_preferences_android:preBuild' as it has no actions.
[        ] Resolve mutations for :shared_preferences_android:preDebugBuild (Thread[#914,Execution worker Thread 3,5,main]) started.
[        ] :shared_preferences_android:preDebugBuild (Thread[#914,Execution worker Thread 3,5,main]) started.
[        ] > Task :shared_preferences_android:preDebugBuild UP-TO-DATE
[        ] Skipping task ':shared_preferences_android:preDebugBuild' as it has no actions.
[  +72 ms] Resolve mutations for :shared_preferences_android:writeDebugAarMetadata (Thread[#914,Execution worker Thread 3,5,main]) started.
[        ] :shared_preferences_android:writeDebugAarMetadata (Thread[#914,Execution worker Thread 3,5,main]) started.
[        ] > Task :shared_preferences_android:writeDebugAarMetadata UP-TO-DATE
[        ] Caching disabled for task ':shared_preferences_android:writeDebugAarMetadata' because:
[        ]   Build cache is disabled
[        ] Skipping task ':shared_preferences_android:writeDebugAarMetadata' as it is up-to-date.
[        ] work action resolve aar-metadata.properties (project :shared_preferences_android) (Thread[#914,Execution worker Thread 3,5,main]) started.
[        ] Resolve mutations for :sqflite:preBuild (Thread[#914,Execution worker Thread 3,5,main]) started.
[        ] :sqflite:preBuild (Thread[#914,Execution worker Thread 3,5,main]) started.
[        ] > Task :sqflite:preBuild UP-TO-DATE
[        ] Skipping task ':sqflite:preBuild' as it has no actions.
[        ] Resolve mutations for :sqflite:preDebugBuild (Thread[#914,Execution worker Thread 3,5,main]) started.
[        ] :sqflite:preDebugBuild (Thread[#914,Execution worker Thread 3,5,main]) started.
[        ] > Task :sqflite:preDebugBuild UP-TO-DATE
[        ] Skipping task ':sqflite:preDebugBuild' as it has no actions.
[        ] Resolve mutations for :sqflite:writeDebugAarMetadata (Thread[#914,Execution worker Thread 3,5,main]) started.
[        ] :sqflite:writeDebugAarMetadata (Thread[#914,Execution worker Thread 3,5,main]) started.
[        ] > Task :sqflite:writeDebugAarMetadata UP-TO-DATE
[        ] Caching disabled for task ':sqflite:writeDebugAarMetadata' because:
[        ]   Build cache is disabled
[        ] Skipping task ':sqflite:writeDebugAarMetadata' as it is up-to-date.
[        ] work action resolve aar-metadata.properties (project :sqflite) (Thread[#914,Execution worker Thread 3,5,main]) started.
[        ] Resolve mutations for :app:checkDebugAarMetadata (Thread[#914,Execution worker Thread 3,5,main]) started.
[        ] :app:checkDebugAarMetadata (Thread[#914,Execution worker Thread 3,5,main]) started.
[        ] > Task :app:checkDebugAarMetadata UP-TO-DATE
[        ] Transforming window-java-1.0.0-beta04.aar (androidx.window:window-java:1.0.0-beta04) with JetifyTransform
[        ] Transforming window-java-1.0.0-beta04.aar (androidx.window:window-java:1.0.0-beta04) with ExtractAarTransform
[        ] Transforming window-java-1.0.0-beta04.aar (androidx.window:window-java:1.0.0-beta04) with AarTransform
[        ] Transforming window-1.0.0-beta04.aar (androidx.window:window:1.0.0-beta04) with JetifyTransform
[        ] Transforming window-1.0.0-beta04.aar (androidx.window:window:1.0.0-beta04) with ExtractAarTransform
[        ] Transforming window-1.0.0-beta04.aar (androidx.window:window:1.0.0-beta04) with AarTransform
[        ] Transforming security-crypto-1.1.0-alpha06.aar (androidx.security:security-crypto:1.1.0-alpha06) with JetifyTransform
[        ] Transforming security-crypto-1.1.0-alpha06.aar (androidx.security:security-crypto:1.1.0-alpha06) with ExtractAarTransform
[        ] Transforming security-crypto-1.1.0-alpha06.aar (androidx.security:security-crypto:1.1.0-alpha06) with AarTransform
[        ] Transforming fragment-1.1.0.aar (androidx.fragment:fragment:1.1.0) with JetifyTransform
[   +1 ms] Transforming fragment-1.1.0.aar (androidx.fragment:fragment:1.1.0) with ExtractAarTransform
[        ] Transforming fragment-1.1.0.aar (androidx.fragment:fragment:1.1.0) with AarTransform
[        ] Transforming viewpager-1.0.0.aar (androidx.viewpager:viewpager:1.0.0) with JetifyTransform
[        ] Transforming viewpager-1.0.0.aar (androidx.viewpager:viewpager:1.0.0) with ExtractAarTransform
[        ] Transforming viewpager-1.0.0.aar (androidx.viewpager:viewpager:1.0.0) with AarTransform
[        ] Transforming loader-1.0.0.aar (androidx.loader:loader:1.0.0) with JetifyTransform
[        ] Transforming loader-1.0.0.aar (androidx.loader:loader:1.0.0) with ExtractAarTransform
[        ] Transforming loader-1.0.0.aar (androidx.loader:loader:1.0.0) with AarTransform
[        ] Transforming activity-1.0.0.aar (androidx.activity:activity:1.0.0) with JetifyTransform
[        ] Transforming activity-1.0.0.aar (androidx.activity:activity:1.0.0) with ExtractAarTransform
[        ] Transforming activity-1.0.0.aar (androidx.activity:activity:1.0.0) with AarTransform
[        ] Transforming customview-1.0.0.aar (androidx.customview:customview:1.0.0) with JetifyTransform
[        ] Transforming customview-1.0.0.aar (androidx.customview:customview:1.0.0) with ExtractAarTransform
[        ] Transforming customview-1.0.0.aar (androidx.customview:customview:1.0.0) with AarTransform
[        ] Transforming core-1.6.0.aar (androidx.core:core:1.6.0) with JetifyTransform
[        ] Transforming core-1.6.0.aar (androidx.core:core:1.6.0) with ExtractAarTransform
[        ] Transforming core-1.6.0.aar (androidx.core:core:1.6.0) with AarTransform
[        ] Transforming core-1.6.0.aar (androidx.core:core:1.6.0) with JetifyTransform
[        ] Transforming core-1.6.0.aar (androidx.core:core:1.6.0) with ExtractAarTransform
[        ] Transforming core-1.6.0.aar (androidx.core:core:1.6.0) with AarTransform
[        ] Transforming lifecycle-runtime-2.2.0.aar (androidx.lifecycle:lifecycle-runtime:2.2.0) with JetifyTransform
[        ] Transforming lifecycle-runtime-2.2.0.aar (androidx.lifecycle:lifecycle-runtime:2.2.0) with ExtractAarTransform
[        ] Transforming lifecycle-runtime-2.2.0.aar (androidx.lifecycle:lifecycle-runtime:2.2.0) with AarTransform
[        ] Transforming lifecycle-runtime-2.2.0.aar (androidx.lifecycle:lifecycle-runtime:2.2.0) with JetifyTransform
[        ] Transforming lifecycle-runtime-2.2.0.aar (androidx.lifecycle:lifecycle-runtime:2.2.0) with ExtractAarTransform
[        ] Transforming lifecycle-runtime-2.2.0.aar (androidx.lifecycle:lifecycle-runtime:2.2.0) with AarTransform
[        ] Transforming savedstate-1.0.0.aar (androidx.savedstate:savedstate:1.0.0) with JetifyTransform
[        ] Transforming savedstate-1.0.0.aar (androidx.savedstate:savedstate:1.0.0) with ExtractAarTransform
[        ] Transforming savedstate-1.0.0.aar (androidx.savedstate:savedstate:1.0.0) with AarTransform
[        ] Transforming lifecycle-livedata-2.0.0.aar (androidx.lifecycle:lifecycle-livedata:2.0.0) with JetifyTransform
[        ] Transforming lifecycle-livedata-2.0.0.aar (androidx.lifecycle:lifecycle-livedata:2.0.0) with ExtractAarTransform
[        ] Transforming lifecycle-livedata-2.0.0.aar (androidx.lifecycle:lifecycle-livedata:2.0.0) with AarTransform
[        ] Transforming lifecycle-livedata-core-2.0.0.aar (androidx.lifecycle:lifecycle-livedata-core:2.0.0) with JetifyTransform
[        ] Transforming lifecycle-livedata-core-2.0.0.aar (androidx.lifecycle:lifecycle-livedata-core:2.0.0) with ExtractAarTransform
[        ] Transforming lifecycle-livedata-core-2.0.0.aar (androidx.lifecycle:lifecycle-livedata-core:2.0.0) with AarTransform
[        ] Transforming tracing-1.0.0.aar (androidx.tracing:tracing:1.0.0) with JetifyTransform
[        ] Transforming tracing-1.0.0.aar (androidx.tracing:tracing:1.0.0) with ExtractAarTransform
[        ] Transforming tracing-1.0.0.aar (androidx.tracing:tracing:1.0.0) with AarTransform
[        ] Transforming versionedparcelable-1.1.1.aar (androidx.versionedparcelable:versionedparcelable:1.1.1) with JetifyTransform
[        ] Transforming versionedparcelable-1.1.1.aar (androidx.versionedparcelable:versionedparcelable:1.1.1) with ExtractAarTransform
[        ] Transforming versionedparcelable-1.1.1.aar (androidx.versionedparcelable:versionedparcelable:1.1.1) with AarTransform
[        ] Transforming core-runtime-2.0.0.aar (androidx.arch.core:core-runtime:2.0.0) with JetifyTransform
[        ] Transforming core-runtime-2.0.0.aar (androidx.arch.core:core-runtime:2.0.0) with ExtractAarTransform
[        ] Transforming core-runtime-2.0.0.aar (androidx.arch.core:core-runtime:2.0.0) with AarTransform
[        ] Transforming lifecycle-viewmodel-2.1.0.aar (androidx.lifecycle:lifecycle-viewmodel:2.1.0) with JetifyTransform
[        ] Transforming lifecycle-viewmodel-2.1.0.aar (androidx.lifecycle:lifecycle-viewmodel:2.1.0) with ExtractAarTransform
[        ] Transforming lifecycle-viewmodel-2.1.0.aar (androidx.lifecycle:lifecycle-viewmodel:2.1.0) with AarTransform
[        ] Transforming annotation-experimental-1.1.0.aar (androidx.annotation:annotation-experimental:1.1.0) with JetifyTransform
[        ] Transforming annotation-experimental-1.1.0.aar (androidx.annotation:annotation-experimental:1.1.0) with ExtractAarTransform
[        ] Transforming annotation-experimental-1.1.0.aar (androidx.annotation:annotation-experimental:1.1.0) with AarTransform
[        ] Caching disabled for task ':app:checkDebugAarMetadata' because:
[        ]   Build cache is disabled
[        ] Skipping task ':app:checkDebugAarMetadata' as it is up-to-date.
[        ] Resolve mutations for :app:cleanMergeDebugAssets (Thread[#914,Execution worker Thread 3,5,main]) started.
[        ] :app:cleanMergeDebugAssets (Thread[#914,Execution worker Thread 3,5,main]) started.
[+1392 ms] > Task :app:cleanMergeDebugAssets FAILED
[        ] Caching disabled for task ':app:cleanMergeDebugAssets' because:
[        ]   Build cache is disabled
[        ] Task ':app:cleanMergeDebugAssets' is not up-to-date because:
[        ]   Task has not declared any outputs despite executing actions.
C:\Users\chzam\OneDrive\Desktop\cerebro-patio\
Cerebro\flutter\bin\flutter.bat : [ +102 ms] 
FAILURE: Build failed with an exception.
En línea: 1 Carácter: 1
+ C:\Users\chzam\OneDrive\Desktop\cerebro-pati
o\Cerebro\flutter\bin\flu ...
+ ~~~~~~~~~~~~~~~~~~~~~~~~~~~~~~~~~~~~~~~~~~~~
~~~~~~~~~~~~~~~~~~~~~~~~~
    + CategoryInfo          : NotSpecified: ( 
   [ +102 ms] FAIL...h an exception.:String)  
   [], RemoteException
    + FullyQualifiedErrorId : NativeCommandEr 
   ror
 
[   +5 ms] * What went wrong:
[        ] Execution failed for task 
':app:cleanMergeDebugAssets'.
[        ] > java.io.IOException: Unable to 
delete directory 'C:\Users\chzam\OneDrive\Desk
top\cerebro-patio\Cerebro\mobile_app\build\app
\intermediates\assets\debug\mergeDebugAssets'
[        ]     Failed to delete some 
children. This might happen because a process 
has files open or has its working directory 
set in the target directory.
[        ]     - C:\Users\chzam\OneDrive\Deskt
op\cerebro-patio\Cerebro\mobile_app\build\app\
intermediates\assets\debug\mergeDebugAssets\fl
utter_assets\fonts
[        ]     - C:\Users\chzam\OneDrive\Deskt
op\cerebro-patio\Cerebro\mobile_app\build\app\
intermediates\assets\debug\mergeDebugAssets\fl
utter_assets\packages\cupertino_icons\assets
[        ]     - C:\Users\chzam\OneDrive\Deskt
op\cerebro-patio\Cerebro\mobile_app\build\app\
intermediates\assets\debug\mergeDebugAssets\fl
utter_assets\packages\cupertino_icons
[        ]     - C:\Users\chzam\OneDrive\Deskt
op\cerebro-patio\Cerebro\mobile_app\build\app\
intermediates\assets\debug\mergeDebugAssets\fl
utter_assets\packages
[        ]     - C:\Users\chzam\OneDrive\Deskt
op\cerebro-patio\Cerebro\mobile_app\build\app\
intermediates\assets\debug\mergeDebugAssets\fl
utter_assets\shaders
[        ]     - C:\Users\chzam\OneDrive\Deskt
op\cerebro-patio\Cerebro\mobile_app\build\app\
intermediates\assets\debug\mergeDebugAssets\fl
utter_assets
[        ] * Try:
[        ] > Run with --debug option to get 
more log output.
[        ] > Run with --scan to get full 
insights.
[        ] > Get more help at 
https://help.gradle.org.
[        ] * Exception is:
[        ] 
org.gradle.api.tasks.TaskExecutionException: 
Execution failed for task 
':app:cleanMergeDebugAssets'.
[        ] 	at org.gradle.api.internal.tasks.e
xecution.ExecuteActionsTaskExecuter.lambda$exe
cuteIfValid$1(ExecuteActionsTaskExecuter.java:
148)
[        ] 	at org.gradle.internal.Try$Failure
.ifSuccessfulOrElse(Try.java:282)
[        ] 	at org.gradle.api.internal.tasks.e
xecution.ExecuteActionsTaskExecuter.executeIfV
alid(ExecuteActionsTaskExecuter.java:146)
[        ] 	at org.gradle.api.internal.tasks.e
xecution.ExecuteActionsTaskExecuter.execute(Ex
ecuteActionsTaskExecuter.java:134)
[        ] 	at org.gradle.api.internal.tasks.e
xecution.FinalizePropertiesTaskExecuter.execut
e(FinalizePropertiesTaskExecuter.java:46)
[        ] 	at org.gradle.api.internal.tasks.e
xecution.ResolveTaskExecutionModeExecuter.exec
ute(ResolveTaskExecutionModeExecuter.java:51)
[        ] 	at org.gradle.api.internal.tasks.e
xecution.SkipTaskWithNoActionsExecuter.execute
(SkipTaskWithNoActionsExecuter.java:57)
[        ] 	at org.gradle.api.internal.tasks.e
xecution.SkipOnlyIfTaskExecuter.execute(SkipOn
lyIfTaskExecuter.java:74)
[        ] 	at org.gradle.api.internal.tasks.e
xecution.CatchExceptionTaskExecuter.execute(Ca
tchExceptionTaskExecuter.java:36)
[        ] 	at org.gradle.api.internal.tasks.e
xecution.EventFiringTaskExecuter$1.executeTask
(EventFiringTaskExecuter.java:77)
[        ] 	at org.gradle.api.internal.tasks.e
xecution.EventFiringTaskExecuter$1.call(EventF
iringTaskExecuter.java:55)
[        ] 	at org.gradle.api.internal.tasks.e
xecution.EventFiringTaskExecuter$1.call(EventF
iringTaskExecuter.java:52)
[        ] 	at org.gradle.internal.operations.
DefaultBuildOperationRunner$CallableBuildOpera
tionWorker.execute(DefaultBuildOperationRunner
.java:204)
[        ] 	at org.gradle.internal.operations.
DefaultBuildOperationRunner$CallableBuildOpera
tionWorker.execute(DefaultBuildOperationRunner
.java:199)
[        ] 	at org.gradle.internal.operations.
DefaultBuildOperationRunner$2.execute(DefaultB
uildOperationRunner.java:66)
[        ] 	at org.gradle.internal.operations.
DefaultBuildOperationRunner$2.execute(DefaultB
uildOperationRunner.java:59)
[        ] 	at org.gradle.internal.operations.
DefaultBuildOperationRunner.execute(DefaultBui
ldOperationRunner.java:157)
[        ] 	at org.gradle.internal.operations.
DefaultBuildOperationRunner.execute(DefaultBui
ldOperationRunner.java:59)
[        ] 	at org.gradle.internal.operations.
DefaultBuildOperationRunner.call(DefaultBuildO
perationRunner.java:53)
[        ] 	at org.gradle.internal.operations.
DefaultBuildOperationExecutor.call(DefaultBuil
dOperationExecutor.java:73)
[        ] 	at org.gradle.api.internal.tasks.e
xecution.EventFiringTaskExecuter.execute(Event
FiringTaskExecuter.java:52)
[        ] 	at org.gradle.execution.plan.Local
TaskNodeExecutor.execute(LocalTaskNodeExecutor
.java:42)
[        ] 	at org.gradle.execution.taskgraph.
DefaultTaskExecutionGraph$InvokeNodeExecutorsA
ction.execute(DefaultTaskExecutionGraph.java:3
31)
[        ] 	at org.gradle.execution.taskgraph.
DefaultTaskExecutionGraph$InvokeNodeExecutorsA
ction.execute(DefaultTaskExecutionGraph.java:3
18)
[        ] 	at org.gradle.execution.taskgraph.
DefaultTaskExecutionGraph$BuildOperationAwareE
xecutionAction.lambda$execute$0(DefaultTaskExe
cutionGraph.java:314)
[        ] 	at org.gradle.internal.operations.
CurrentBuildOperationRef.with(CurrentBuildOper
ationRef.java:80)
[        ] 	at org.gradle.execution.taskgraph.
DefaultTaskExecutionGraph$BuildOperationAwareE
xecutionAction.execute(DefaultTaskExecutionGra
ph.java:314)
[        ] 	at org.gradle.execution.taskgraph.
DefaultTaskExecutionGraph$BuildOperationAwareE
xecutionAction.execute(DefaultTaskExecutionGra
ph.java:303)
[        ] 	at org.gradle.execution.plan.Defau
ltPlanExecutor$ExecutorWorker.execute(DefaultP
lanExecutor.java:463)
[        ] 	at org.gradle.execution.plan.Defau
ltPlanExecutor$ExecutorWorker.run(DefaultPlanE
xecutor.java:380)
[        ] 	at org.gradle.internal.concurrent.
ExecutorPolicy$CatchAndRecordFailures.onExecut
e(ExecutorPolicy.java:64)
[        ] 	at org.gradle.internal.concurrent.
AbstractManagedExecutor$1.run(AbstractManagedE
xecutor.java:47)
[        ] 	at java.base/java.util.concurrent.
ThreadPoolExecutor.runWorker(Unknown Source)
[        ] 	at java.base/java.util.concurrent.
ThreadPoolExecutor$Worker.run(Unknown Source)
[        ] 	at 
java.base/java.lang.Thread.run(Unknown Source)
[        ] Caused by: 
org.gradle.api.UncheckedIOException: 
java.io.IOException: Unable to delete 
directory 'C:\Users\chzam\OneDrive\Desktop\cer
ebro-patio\Cerebro\mobile_app\build\app\interm
ediates\assets\debug\mergeDebugAssets'
[        ]   Failed to delete some children. 
This might happen because a process has files 
open or has its working directory set in the 
target directory.
[        ]   - C:\Users\chzam\OneDrive\Desktop
\cerebro-patio\Cerebro\mobile_app\build\app\in
termediates\assets\debug\mergeDebugAssets\flut
ter_assets\fonts
[        ]   - C:\Users\chzam\OneDrive\Desktop
\cerebro-patio\Cerebro\mobile_app\build\app\in
termediates\assets\debug\mergeDebugAssets\flut
ter_assets\packages\cupertino_icons\assets
[        ]   - C:\Users\chzam\OneDrive\Desktop
\cerebro-patio\Cerebro\mobile_app\build\app\in
termediates\assets\debug\mergeDebugAssets\flut
ter_assets\packages\cupertino_icons
[        ]   - C:\Users\chzam\OneDrive\Desktop
\cerebro-patio\Cerebro\mobile_app\build\app\in
termediates\assets\debug\mergeDebugAssets\flut
ter_assets\packages
[        ]   - C:\Users\chzam\OneDrive\Desktop
\cerebro-patio\Cerebro\mobile_app\build\app\in
termediates\assets\debug\mergeDebugAssets\flut
ter_assets\shaders
[        ]   - C:\Users\chzam\OneDrive\Desktop
\cerebro-patio\Cerebro\mobile_app\build\app\in
termediates\assets\debug\mergeDebugAssets\flut
ter_assets
[        ] 	at org.gradle.internal.UncheckedEx
ception.throwAsUncheckedException(UncheckedExc
eption.java:62)
[        ] 	at org.gradle.internal.UncheckedEx
ception.throwAsUncheckedException(UncheckedExc
eption.java:41)
[        ] 	at org.gradle.internal.reflect.Jav
aMethod.invoke(JavaMethod.java:128)
[        ] 	at org.gradle.api.internal.project
.taskfactory.StandardTaskAction.doExecute(Stan
dardTaskAction.java:58)
[        ] 	at org.gradle.api.internal.project
.taskfactory.StandardTaskAction.execute(Standa
rdTaskAction.java:51)
[        ] 	at org.gradle.api.internal.project
.taskfactory.StandardTaskAction.execute(Standa
rdTaskAction.java:29)
[        ] 	at org.gradle.api.internal.tasks.e
xecution.TaskExecution$3.run(TaskExecution.jav
a:248)
[        ] 	at org.gradle.internal.operations.
DefaultBuildOperationRunner$1.execute(DefaultB
uildOperationRunner.java:29)
[        ] 	at org.gradle.internal.operations.
DefaultBuildOperationRunner$1.execute(DefaultB
uildOperationRunner.java:26)
[        ] 	at org.gradle.internal.operations.
DefaultBuildOperationRunner$2.execute(DefaultB
uildOperationRunner.java:66)
[        ] 	at org.gradle.internal.operations.
DefaultBuildOperationRunner$2.execute(DefaultB
uildOperationRunner.java:59)
[        ] 	at org.gradle.internal.operations.
DefaultBuildOperationRunner.execute(DefaultBui
ldOperationRunner.java:157)
[        ] 	at org.gradle.internal.operations.
DefaultBuildOperationRunner.execute(DefaultBui
ldOperationRunner.java:59)
[        ] 	at org.gradle.internal.operations.
DefaultBuildOperationRunner.run(DefaultBuildOp
erationRunner.java:47)
[        ] 	at org.gradle.internal.operations.
DefaultBuildOperationExecutor.run(DefaultBuild
OperationExecutor.java:68)
[        ] 	at org.gradle.api.internal.tasks.e
xecution.TaskExecution.executeAction(TaskExecu
tion.java:233)
[        ] 	at org.gradle.api.internal.tasks.e
xecution.TaskExecution.executeActions(TaskExec
ution.java:216)
[        ] 	at org.gradle.api.internal.tasks.e
xecution.TaskExecution.executeWithPreviousOutp
utFiles(TaskExecution.java:199)
[        ] 	at org.gradle.api.internal.tasks.e
xecution.TaskExecution.execute(TaskExecution.j
ava:166)
[        ] 	at org.gradle.internal.execution.s
teps.ExecuteStep.executeInternal(ExecuteStep.j
ava:105)
[        ] 	at org.gradle.internal.execution.s
teps.ExecuteStep.access$000(ExecuteStep.java:4
4)
[        ] 	at org.gradle.internal.execution.s
teps.ExecuteStep$1.call(ExecuteStep.java:59)
[        ] 	at org.gradle.internal.execution.s
teps.ExecuteStep$1.call(ExecuteStep.java:56)
[        ] 	at org.gradle.internal.operations.
DefaultBuildOperationRunner$CallableBuildOpera
tionWorker.execute(DefaultBuildOperationRunner
.java:204)
[        ] 	at org.gradle.internal.operations.
DefaultBuildOperationRunner$CallableBuildOpera
tionWorker.execute(DefaultBuildOperationRunner
.java:199)
[        ] 	at org.gradle.internal.operations.
DefaultBuildOperationRunner$2.execute(DefaultB
uildOperationRunner.java:66)
[        ] 	at org.gradle.internal.operations.
DefaultBuildOperationRunner$2.execute(DefaultB
uildOperationRunner.java:59)
[        ] 	at org.gradle.internal.operations.
DefaultBuildOperationRunner.execute(DefaultBui
ldOperationRunner.java:157)
[        ] 	at org.gradle.internal.operations.
DefaultBuildOperationRunner.execute(DefaultBui
ldOperationRunner.java:59)
[        ] 	at org.gradle.internal.operations.
DefaultBuildOperationRunner.call(DefaultBuildO
perationRunner.java:53)
[        ] 	at org.gradle.internal.operations.
DefaultBuildOperationExecutor.call(DefaultBuil
dOperationExecutor.java:73)
[        ] 	at org.gradle.internal.execution.s
teps.ExecuteStep.execute(ExecuteStep.java:56)
[        ] 	at org.gradle.internal.execution.s
teps.ExecuteStep.execute(ExecuteStep.java:44)
[        ] 	at org.gradle.internal.execution.s
teps.RemovePreviousOutputsStep.execute(RemoveP
reviousOutputsStep.java:67)
[        ] 	at org.gradle.internal.execution.s
teps.RemovePreviousOutputsStep.execute(RemoveP
reviousOutputsStep.java:37)
[        ] 	at org.gradle.internal.execution.s
teps.CancelExecutionStep.execute(CancelExecuti
onStep.java:41)
[        ] 	at org.gradle.internal.execution.s
teps.TimeoutStep.executeWithoutTimeout(Timeout
Step.java:74)
[        ] 	at org.gradle.internal.execution.s
teps.TimeoutStep.execute(TimeoutStep.java:55)
[        ] 	at org.gradle.internal.execution.s
teps.CreateOutputsStep.execute(CreateOutputsSt
ep.java:50)
[        ] 	at org.gradle.internal.execution.s
teps.CreateOutputsStep.execute(CreateOutputsSt
ep.java:28)
[        ] 	at org.gradle.internal.execution.s
teps.CaptureStateAfterExecutionStep.executeDel
egateBroadcastingChanges(CaptureStateAfterExec
utionStep.java:100)
[        ] 	at org.gradle.internal.execution.s
teps.CaptureStateAfterExecutionStep.execute(Ca
ptureStateAfterExecutionStep.java:72)
[        ] 	at org.gradle.internal.execution.s
teps.CaptureStateAfterExecutionStep.execute(Ca
ptureStateAfterExecutionStep.java:50)
[        ] 	at org.gradle.internal.execution.s
teps.ResolveInputChangesStep.execute(ResolveIn
putChangesStep.java:40)
[        ] 	at org.gradle.internal.execution.s
teps.ResolveInputChangesStep.execute(ResolveIn
putChangesStep.java:29)
[        ] 	at org.gradle.internal.execution.s
teps.BuildCacheStep.executeWithoutCache(BuildC
acheStep.java:179)
[   +1 ms] 	at org.gradle.internal.execution.s
teps.BuildCacheStep.lambda$execute$1(BuildCach
eStep.java:70)
[        ] 	at org.gradle.internal.Either$Righ
t.fold(Either.java:175)
[        ] 	at org.gradle.internal.execution.c
aching.CachingState.fold(CachingState.java:59)
[        ] 	at org.gradle.internal.execution.s
teps.BuildCacheStep.execute(BuildCacheStep.jav
a:68)
[        ] 	at org.gradle.internal.execution.s
teps.BuildCacheStep.execute(BuildCacheStep.jav
a:46)
[        ] 	at org.gradle.internal.execution.s
teps.StoreExecutionStateStep.execute(StoreExec
utionStateStep.java:36)
[        ] 	at org.gradle.internal.execution.s
teps.StoreExecutionStateStep.execute(StoreExec
utionStateStep.java:25)
[        ] 	at org.gradle.internal.execution.s
teps.RecordOutputsStep.execute(RecordOutputsSt
ep.java:36)
[        ] 	at org.gradle.internal.execution.s
teps.RecordOutputsStep.execute(RecordOutputsSt
ep.java:22)
[        ] 	at org.gradle.internal.execution.s
teps.SkipUpToDateStep.executeBecause(SkipUpToD
ateStep.java:91)
[        ] 	at org.gradle.internal.execution.s
teps.SkipUpToDateStep.lambda$execute$2(SkipUpT
oDateStep.java:55)
[        ] 	at java.base/java.util.Optional.or
ElseGet(Unknown Source)
[        ] 	at org.gradle.internal.execution.s
teps.SkipUpToDateStep.execute(SkipUpToDateStep
.java:55)
[        ] 	at org.gradle.internal.execution.s
teps.SkipUpToDateStep.execute(SkipUpToDateStep
.java:37)
[        ] 	at org.gradle.internal.execution.s
teps.ResolveChangesStep.execute(ResolveChanges
Step.java:65)
[        ] 	at org.gradle.internal.execution.s
teps.ResolveChangesStep.execute(ResolveChanges
Step.java:36)
[        ] 	at org.gradle.internal.execution.s
teps.legacy.MarkSnapshottingInputsFinishedStep
.execute(MarkSnapshottingInputsFinishedStep.ja
va:37)
[        ] 	at org.gradle.internal.execution.s
teps.legacy.MarkSnapshottingInputsFinishedStep
.execute(MarkSnapshottingInputsFinishedStep.ja
va:27)
[        ] 	at org.gradle.internal.execution.s
teps.ResolveCachingStateStep.execute(ResolveCa
chingStateStep.java:76)
[        ] 	at org.gradle.internal.execution.s
teps.ResolveCachingStateStep.execute(ResolveCa
chingStateStep.java:37)
[        ] 	at org.gradle.internal.execution.s
teps.ValidateStep.execute(ValidateStep.java:10
8)
[        ] 	at org.gradle.internal.execution.s
teps.ValidateStep.execute(ValidateStep.java:55
)
[        ] 	at org.gradle.internal.execution.s
teps.CaptureStateBeforeExecutionStep.execute(C
aptureStateBeforeExecutionStep.java:71)
[        ] 	at org.gradle.internal.execution.s
teps.CaptureStateBeforeExecutionStep.execute(C
aptureStateBeforeExecutionStep.java:45)
[        ] 	at org.gradle.internal.execution.s
teps.SkipEmptyWorkStep.executeWithNonEmptySour
ces(SkipEmptyWorkStep.java:177)
[        ] 	at org.gradle.internal.execution.s
teps.SkipEmptyWorkStep.execute(SkipEmptyWorkSt
ep.java:81)
[        ] 	at org.gradle.internal.execution.s
teps.SkipEmptyWorkStep.execute(SkipEmptyWorkSt
ep.java:53)
[        ] 	at org.gradle.internal.execution.s
teps.RemoveUntrackedExecutionStateStep.execute
(RemoveUntrackedExecutionStateStep.java:32)
[        ] 	at org.gradle.internal.execution.s
teps.RemoveUntrackedExecutionStateStep.execute
(RemoveUntrackedExecutionStateStep.java:21)
[        ] 	at org.gradle.internal.execution.s
teps.legacy.MarkSnapshottingInputsStartedStep.
execute(MarkSnapshottingInputsStartedStep.java
:38)
[        ] 	at org.gradle.internal.execution.s
teps.LoadPreviousExecutionStateStep.execute(Lo
adPreviousExecutionStateStep.java:36)
[        ] 	at org.gradle.internal.execution.s
teps.LoadPreviousExecutionStateStep.execute(Lo
adPreviousExecutionStateStep.java:23)
[        ] 	at org.gradle.internal.execution.s
teps.CleanupStaleOutputsStep.execute(CleanupSt
aleOutputsStep.java:75)
[        ] 	at org.gradle.internal.execution.s
teps.CleanupStaleOutputsStep.execute(CleanupSt
aleOutputsStep.java:41)
[        ] 	at org.gradle.internal.execution.s
teps.ExecuteWorkBuildOperationFiringStep.lambd
a$execute$2(ExecuteWorkBuildOperationFiringSte
p.java:66)
[        ] 	at java.base/java.util.Optional.or
ElseGet(Unknown Source)
[        ] 	at org.gradle.internal.execution.s
teps.ExecuteWorkBuildOperationFiringStep.execu
te(ExecuteWorkBuildOperationFiringStep.java:66
)
[        ] 	at org.gradle.internal.execution.s
teps.ExecuteWorkBuildOperationFiringStep.execu
te(ExecuteWorkBuildOperationFiringStep.java:38
)
[        ] 	at org.gradle.internal.execution.s
teps.AssignWorkspaceStep.lambda$execute$0(Assi
gnWorkspaceStep.java:32)
[        ] 	at org.gradle.api.internal.tasks.e
xecution.TaskExecution$4.withWorkspace(TaskExe
cution.java:293)
[        ] 	at org.gradle.internal.execution.s
teps.AssignWorkspaceStep.execute(AssignWorkspa
ceStep.java:30)
[        ] 	at org.gradle.internal.execution.s
teps.AssignWorkspaceStep.execute(AssignWorkspa
ceStep.java:21)
[        ] 	at org.gradle.internal.execution.s
teps.IdentityCacheStep.execute(IdentityCacheSt
ep.java:37)
[        ] 	at org.gradle.internal.execution.s
teps.IdentityCacheStep.execute(IdentityCacheSt
ep.java:27)
[        ] 	at org.gradle.internal.execution.s
teps.IdentifyStep.execute(IdentifyStep.java:47
)
[        ] 	at org.gradle.internal.execution.s
teps.IdentifyStep.execute(IdentifyStep.java:34
)
[        ] 	at org.gradle.internal.execution.i
mpl.DefaultExecutionEngine$1.execute(DefaultEx
ecutionEngine.java:64)
[        ] 	at org.gradle.api.internal.tasks.e
xecution.ExecuteActionsTaskExecuter.executeIfV
alid(ExecuteActionsTaskExecuter.java:145)
[        ] 	at org.gradle.api.internal.tasks.e
xecution.ExecuteActionsTaskExecuter.execute(Ex
ecuteActionsTaskExecuter.java:134)
[        ] 	at org.gradle.api.internal.tasks.e
xecution.FinalizePropertiesTaskExecuter.execut
e(FinalizePropertiesTaskExecuter.java:46)
[        ] 	at org.gradle.api.internal.tasks.e
xecution.ResolveTaskExecutionModeExecuter.exec
ute(ResolveTaskExecutionModeExecuter.java:51)
[        ] 	at org.gradle.api.internal.tasks.e
xecution.SkipTaskWithNoActionsExecuter.execute
(SkipTaskWithNoActionsExecuter.java:57)
[        ] 	at org.gradle.api.internal.tasks.e
xecution.SkipOnlyIfTaskExecuter.execute(SkipOn
lyIfTaskExecuter.java:74)
[        ] 	at org.gradle.api.internal.tasks.e
xecution.CatchExceptionTaskExecuter.execute(Ca
tchExceptionTaskExecuter.java:36)
[        ] 	at org.gradle.api.internal.tasks.e
xecution.EventFiringTaskExecuter$1.executeTask
(EventFiringTaskExecuter.java:77)
[        ] 	at org.gradle.api.internal.tasks.e
xecution.EventFiringTaskExecuter$1.call(EventF
iringTaskExecuter.java:55)
[        ] 	at org.gradle.api.internal.tasks.e
xecution.EventFiringTaskExecuter$1.call(EventF
iringTaskExecuter.java:52)
[        ] 	at org.gradle.internal.operations.
DefaultBuildOperationRunner$CallableBuildOpera
tionWorker.execute(DefaultBuildOperationRunner
.java:204)
[ +807 ms] 	at org.gradle.internal.operations.
DefaultBuildOperationRunner$CallableBuildOpera
tionWorker.execute(DefaultBuildOperationRunner
.java:199)
[        ] 	at org.gradle.internal.operations.
DefaultBuildOperationRunner$2.execute(DefaultB
uildOperationRunner.java:66)
[        ] 	at org.gradle.internal.operations.
DefaultBuildOperationRunner$2.execute(DefaultB
uildOperationRunner.java:59)
[        ] 	at org.gradle.internal.operations.
DefaultBuildOperationRunner.execute(DefaultBui
ldOperationRunner.java:157)
[        ] 	at org.gradle.internal.operations.
DefaultBuildOperationRunner.execute(DefaultBui
ldOperationRunner.java:59)
[        ] 	at org.gradle.internal.operations.
DefaultBuildOperationRunner.call(DefaultBuildO
perationRunner.java:53)
[        ] 	at org.gradle.internal.operations.
DefaultBuildOperationExecutor.call(DefaultBuil
dOperationExecutor.java:73)
[        ] 	at org.gradle.api.internal.tasks.e
xecution.EventFiringTaskExecuter.execute(Event
FiringTaskExecuter.java:52)
[        ] 	at org.gradle.execution.plan.Local
TaskNodeExecutor.execute(LocalTaskNodeExecutor
.java:42)
[        ] 	at org.gradle.execution.taskgraph.
DefaultTaskExecutionGraph$InvokeNodeExecutorsA
ction.execute(DefaultTaskExecutionGraph.java:3
31)
[        ] 	at org.gradle.execution.taskgraph.
DefaultTaskExecutionGraph$InvokeNodeExecutorsA
ction.execute(DefaultTaskExecutionGraph.java:3
18)
[        ] 	at org.gradle.execution.taskgraph.
DefaultTaskExecutionGraph$BuildOperationAwareE
xecutionAction.lambda$execute$0(DefaultTaskExe
cutionGraph.java:314)
[        ] 	at org.gradle.internal.operations.
CurrentBuildOperationRef.with(CurrentBuildOper
ationRef.java:80)
[        ] 	at org.gradle.execution.taskgraph.
DefaultTaskExecutionGraph$BuildOperationAwareE
xecutionAction.execute(DefaultTaskExecutionGra
ph.java:314)
[        ] 	at org.gradle.execution.taskgraph.
DefaultTaskExecutionGraph$BuildOperationAwareE
xecutionAction.execute(DefaultTaskExecutionGra
ph.java:303)
[        ] 	at org.gradle.execution.plan.Defau
ltPlanExecutor$ExecutorWorker.execute(DefaultP
lanExecutor.java:463)
[        ] 	at org.gradle.execution.plan.Defau
ltPlanExecutor$ExecutorWorker.run(DefaultPlanE
xecutor.java:380)
[        ] 	at org.gradle.internal.concurrent.
ExecutorPolicy$CatchAndRecordFailures.onExecut
e(ExecutorPolicy.java:64)
[        ] 	at org.gradle.internal.concurrent.
AbstractManagedExecutor$1.run(AbstractManagedE
xecutor.java:47)
[        ] 	at java.base/java.util.concurrent.
ThreadPoolExecutor.runWorker(Unknown Source)
[        ] 	at java.base/java.util.concurrent.
ThreadPoolExecutor$Worker.run(Unknown Source)
[        ] 	at 
java.base/java.lang.Thread.run(Unknown Source)
[        ] Caused by: java.io.IOException: 
Unable to delete directory 'C:\Users\chzam\One
Drive\Desktop\cerebro-patio\Cerebro\mobile_app
\build\app\intermediates\assets\debug\mergeDeb
ugAssets'
[        ]   Failed to delete some children. 
This might happen because a process has files 
open or has its working directory set in the 
target directory.
[        ]   - C:\Users\chzam\OneDrive\Desktop
\cerebro-patio\Cerebro\mobile_app\build\app\in
termediates\assets\debug\mergeDebugAssets\flut
ter_assets\fonts
[        ]   - C:\Users\chzam\OneDrive\Desktop
\cerebro-patio\Cerebro\mobile_app\build\app\in
termediates\assets\debug\mergeDebugAssets\flut
ter_assets\packages\cupertino_icons\assets
[        ]   - C:\Users\chzam\OneDrive\Desktop
\cerebro-patio\Cerebro\mobile_app\build\app\in
termediates\assets\debug\mergeDebugAssets\flut
ter_assets\packages\cupertino_icons
[        ]   - C:\Users\chzam\OneDrive\Desktop
\cerebro-patio\Cerebro\mobile_app\build\app\in
termediates\assets\debug\mergeDebugAssets\flut
ter_assets\packages
[        ]   - C:\Users\chzam\OneDrive\Desktop
\cerebro-patio\Cerebro\mobile_app\build\app\in
termediates\assets\debug\mergeDebugAssets\flut
ter_assets\shaders
[        ]   - C:\Users\chzam\OneDrive\Desktop
\cerebro-patio\Cerebro\mobile_app\build\app\in
termediates\assets\debug\mergeDebugAssets\flut
ter_assets
[        ] 	at org.gradle.internal.file.impl.D
efaultDeleter.throwWithHelpMessage(DefaultDele
ter.java:225)
[        ] 	at org.gradle.internal.file.impl.D
efaultDeleter.deleteRecursively(DefaultDeleter
.java:117)
[  +53 ms] 	at org.gradle.internal.file.impl.D
efaultDeleter.deleteRecursively(DefaultDeleter
.java:72)
[        ] 	at org.gradle.api.tasks.Delete.cle
an(Delete.java:54)
[        ] 	at java.base/jdk.internal.reflect.
DirectMethodHandleAccessor.invoke(Unknown 
Source)
[        ] 	at java.base/java.lang.reflect.Met
hod.invoke(Unknown Source)
[        ] 	at org.gradle.internal.reflect.Jav
aMethod.invoke(JavaMethod.java:125)
[        ] 	... 123 more
[        ] 	Suppressed: 
java.nio.file.AccessDeniedException: C:\Users\
chzam\OneDrive\Desktop\cerebro-patio\Cerebro\m
obile_app\build\app\intermediates\assets\debug
\mergeDebugAssets\flutter_assets\fonts
[        ] 		at java.base/sun.nio.fs.WindowsEx
ception.translateToIOException(Unknown Source)
[        ] 		at java.base/sun.nio.fs.WindowsEx
ception.rethrowAsIOException(Unknown Source)
[        ] 		at java.base/sun.nio.fs.WindowsEx
ception.rethrowAsIOException(Unknown Source)
[        ] 		at java.base/sun.nio.fs.WindowsFi
leSystemProvider.implDelete(Unknown Source)
[        ] 		at java.base/sun.nio.fs.AbstractF
ileSystemProvider.deleteIfExists(Unknown 
Source)
[        ] 		at java.base/java.nio.file.Files.
deleteIfExists(Unknown Source)
[        ] 		at org.gradle.internal.file.impl.
DefaultDeleter.deleteFile(DefaultDeleter.java:
198)
[        ] 		at org.gradle.internal.file.impl.
DefaultDeleter.tryHardToDelete(DefaultDeleter.
java:186)
[        ] 		at org.gradle.internal.file.impl.
DefaultDeleter.deleteRecursively(DefaultDelete
r.java:143)
[        ] 		at org.gradle.internal.file.impl.
DefaultDeleter.deleteRecursively(DefaultDelete
r.java:134)
[        ] 		at org.gradle.internal.file.impl.
DefaultDeleter.deleteRecursively(DefaultDelete
r.java:134)
[        ] 		at org.gradle.internal.file.impl.
DefaultDeleter.deleteRecursively(DefaultDelete
r.java:115)
[        ] 		... 128 more
[        ] 	Suppressed: 
java.nio.file.AccessDeniedException: C:\Users\
chzam\OneDrive\Desktop\cerebro-patio\Cerebro\m
obile_app\build\app\intermediates\assets\debug
\mergeDebugAssets\flutter_assets\packages\cupe
rtino_icons\assets
[        ] 		at java.base/sun.nio.fs.WindowsEx
ception.translateToIOException(Unknown Source)
[        ] 		at java.base/sun.nio.fs.WindowsEx
ception.rethrowAsIOException(Unknown Source)
[        ] 		at java.base/sun.nio.fs.WindowsEx
ception.rethrowAsIOException(Unknown Source)
[        ] 		at java.base/sun.nio.fs.WindowsFi
leSystemProvider.implDelete(Unknown Source)
[        ] 		at java.base/sun.nio.fs.AbstractF
ileSystemProvider.deleteIfExists(Unknown 
Source)
[        ] 		at java.base/java.nio.file.Files.
deleteIfExists(Unknown Source)
[        ] 		at org.gradle.internal.file.impl.
DefaultDeleter.deleteFile(DefaultDeleter.java:
198)
[        ] 		at org.gradle.internal.file.impl.
DefaultDeleter.tryHardToDelete(DefaultDeleter.
java:186)
[        ] 		at org.gradle.internal.file.impl.
DefaultDeleter.deleteRecursively(DefaultDelete
r.java:143)
[        ] 		at org.gradle.internal.file.impl.
DefaultDeleter.deleteRecursively(DefaultDelete
r.java:134)
[        ] 		at org.gradle.internal.file.impl.
DefaultDeleter.deleteRecursively(DefaultDelete
r.java:134)
[        ] 		at org.gradle.internal.file.impl.
DefaultDeleter.deleteRecursively(DefaultDelete
r.java:134)
[        ] 		at org.gradle.internal.file.impl.
DefaultDeleter.deleteRecursively(DefaultDelete
r.java:134)
[        ] 		at org.gradle.internal.file.impl.
DefaultDeleter.deleteRecursively(DefaultDelete
r.java:115)
[        ] 		... 128 more
[        ] 	Suppressed: 
java.nio.file.AccessDeniedException: C:\Users\
chzam\OneDrive\Desktop\cerebro-patio\Cerebro\m
obile_app\build\app\intermediates\assets\debug
\mergeDebugAssets\flutter_assets\packages\cupe
rtino_icons
[        ] 		at java.base/sun.nio.fs.WindowsEx
ception.translateToIOException(Unknown Source)
[        ] 		at java.base/sun.nio.fs.WindowsEx
ception.rethrowAsIOException(Unknown Source)
[        ] 		at java.base/sun.nio.fs.WindowsEx
ception.rethrowAsIOException(Unknown Source)
[   +9 ms] 		at java.base/sun.nio.fs.WindowsFi
leSystemProvider.implDelete(Unknown Source)
[  +32 ms] 		at java.base/sun.nio.fs.AbstractF
ileSystemProvider.deleteIfExists(Unknown 
Source)
[        ] 		at java.base/java.nio.file.Files.
deleteIfExists(Unknown Source)
[        ] 		at org.gradle.internal.file.impl.
DefaultDeleter.deleteFile(DefaultDeleter.java:
198)
[        ] 		at org.gradle.internal.file.impl.
DefaultDeleter.tryHardToDelete(DefaultDeleter.
java:186)
[        ] 		at org.gradle.internal.file.impl.
DefaultDeleter.deleteRecursively(DefaultDelete
r.java:143)
[        ] 		at org.gradle.internal.file.impl.
DefaultDeleter.deleteRecursively(DefaultDelete
r.java:134)
[        ] 		at org.gradle.internal.file.impl.
DefaultDeleter.deleteRecursively(DefaultDelete
r.java:134)
[        ] 		at org.gradle.internal.file.impl.
DefaultDeleter.deleteRecursively(DefaultDelete
r.java:134)
[        ] 		at org.gradle.internal.file.impl.
DefaultDeleter.deleteRecursively(DefaultDelete
r.java:115)
[        ] 		... 128 more
[        ] 	Suppressed: 
java.nio.file.AccessDeniedException: C:\Users\
chzam\OneDrive\Desktop\cerebro-patio\Cerebro\m
obile_app\build\app\intermediates\assets\debug
\mergeDebugAssets\flutter_assets\packages
[        ] 		at java.base/sun.nio.fs.WindowsEx
ception.translateToIOException(Unknown Source)
[        ] 		at java.base/sun.nio.fs.WindowsEx
ception.rethrowAsIOException(Unknown Source)
[        ] 		at java.base/sun.nio.fs.WindowsEx
ception.rethrowAsIOException(Unknown Source)
[        ] 		at java.base/sun.nio.fs.WindowsFi
leSystemProvider.implDelete(Unknown Source)
[        ] 		at java.base/sun.nio.fs.AbstractF
ileSystemProvider.deleteIfExists(Unknown 
Source)
[        ] 		at java.base/java.nio.file.Files.
deleteIfExists(Unknown Source)
[        ] 		at org.gradle.internal.file.impl.
DefaultDeleter.deleteFile(DefaultDeleter.java:
198)
[        ] 		at org.gradle.internal.file.impl.
DefaultDeleter.tryHardToDelete(DefaultDeleter.
java:186)
[        ] 		at org.gradle.internal.file.impl.
DefaultDeleter.deleteRecursively(DefaultDelete
r.java:143)
[        ] 		at org.gradle.internal.file.impl.
DefaultDeleter.deleteRecursively(DefaultDelete
r.java:134)
[        ] 		at org.gradle.internal.file.impl.
DefaultDeleter.deleteRecursively(DefaultDelete
r.java:134)
[   +1 ms] 		at org.gradle.internal.file.impl.
DefaultDeleter.deleteRecursively(DefaultDelete
r.java:115)
[        ] 		... 128 more
[        ] 	Suppressed: 
java.nio.file.AccessDeniedException: C:\Users\
chzam\OneDrive\Desktop\cerebro-patio\Cerebro\m
obile_app\build\app\intermediates\assets\debug
\mergeDebugAssets\flutter_assets\shaders
[        ] 		at java.base/sun.nio.fs.WindowsEx
ception.translateToIOException(Unknown Source)
[        ] 		at java.base/sun.nio.fs.WindowsEx
ception.rethrowAsIOException(Unknown Source)
[        ] 		at java.base/sun.nio.fs.WindowsEx
ception.rethrowAsIOException(Unknown Source)
[        ] 		at java.base/sun.nio.fs.WindowsFi
leSystemProvider.implDelete(Unknown Source)
[        ] 		at java.base/sun.nio.fs.AbstractF
ileSystemProvider.deleteIfExists(Unknown 
Source)
[        ] 		at java.base/java.nio.file.Files.
deleteIfExists(Unknown Source)
[        ] 		at org.gradle.internal.file.impl.
DefaultDeleter.deleteFile(DefaultDeleter.java:
198)
[        ] 		at org.gradle.internal.file.impl.
DefaultDeleter.tryHardToDelete(DefaultDeleter.
java:186)
[        ] 		at org.gradle.internal.file.impl.
DefaultDeleter.deleteRecursively(DefaultDelete
r.java:143)
[   +2 ms] 		at org.gradle.internal.file.impl.
DefaultDeleter.deleteRecursively(DefaultDelete
r.java:134)
[        ] 		at org.gradle.internal.file.impl.
DefaultDeleter.deleteRecursively(DefaultDelete
r.java:134)
[        ] 		at org.gradle.internal.file.impl.
DefaultDeleter.deleteRecursively(DefaultDelete
r.java:115)
[        ] 		... 128 more
[        ] 	Suppressed: 
java.nio.file.AccessDeniedException: C:\Users\
chzam\OneDrive\Desktop\cerebro-patio\Cerebro\m
obile_app\build\app\intermediates\assets\debug
\mergeDebugAssets\flutter_assets
[        ] 		at java.base/sun.nio.fs.WindowsEx
ception.translateToIOException(Unknown Source)
[        ] 		at java.base/sun.nio.fs.WindowsEx
ception.rethrowAsIOException(Unknown Source)
[        ] 		at java.base/sun.nio.fs.WindowsEx
ception.rethrowAsIOException(Unknown Source)
[  +74 ms] 		at java.base/sun.nio.fs.WindowsFi
leSystemProvider.implDelete(Unknown Source)
[        ] 		at java.base/sun.nio.fs.AbstractF
ileSystemProvider.deleteIfExists(Unknown 
Source)
[        ] 		at java.base/java.nio.file.Files.
deleteIfExists(Unknown Source)
[        ] 		at org.gradle.internal.file.impl.
DefaultDeleter.deleteFile(DefaultDeleter.java:
198)
[        ] 		at org.gradle.internal.file.impl.
DefaultDeleter.tryHardToDelete(DefaultDeleter.
java:186)
[        ] 		at org.gradle.internal.file.impl.
DefaultDeleter.deleteRecursively(DefaultDelete
r.java:143)
[        ] 		at org.gradle.internal.file.impl.
DefaultDeleter.deleteRecursively(DefaultDelete
r.java:134)
[        ] 		at org.gradle.internal.file.impl.
DefaultDeleter.deleteRecursively(DefaultDelete
r.java:115)
[        ] 		... 128 more
[        ] BUILD FAILED in 20s
[  +23 ms] Deprecated Gradle features were used in this build, making it incompatible with Gradle 9.0.
[        ] You can use '--warning-mode all' to show the individual deprecation warnings and determine if they come from your own scripts or plugins.
[        ] For more on this, please refer to https://docs.gradle.org/8.5/userguide/command_line_interface.html#sec:command_line_warnings in the Gradle documentation.
[        ] 13 actionable tasks: 2 executed, 11 up-to-date
[        ] Watched directory hierarchies: [C:\Users\chzam\OneDrive\Desktop\cerebro-patio\Cerebro\flutter\packages\flutter_tools\gradle]
[ +786 ms] Running Gradle task 'assembleDebug'... (completed in 22,4s)
[  +11 ms] "flutter apk" took 23.867ms.
[  +23 ms] Gradle task assembleDebug failed 
with exit code 1
[   +1 ms] 
           #0      throwToolExit (package:flut
ter_tools/src/base/common.dart:10:3)
           #1      
AndroidGradleBuilder.buildGradleApp (package:f
lutter_tools/src/android/gradle.dart:491:9)
           <asynchronous suspension>
           #2      
AndroidGradleBuilder.buildApk (package:flutter
_tools/src/android/gradle.dart:220:5)
           <asynchronous suspension>
           #3      BuildApkCommand.runCommand 
(package:flutter_tools/src/commands/build_apk.
dart:142:5)
           <asynchronous suspension>
           #4      
FlutterCommand.run.<anonymous closure> (packag
e:flutter_tools/src/runner/flutter_command.dar
t:1367:27)
           <asynchronous suspension>
           #5      AppContext.run.<anonymous 
closure> (package:flutter_tools/src/base/conte
xt.dart:150:19)
           <asynchronous suspension>
           #6      CommandRunner.runCommand 
(package:args/command_runner.dart:212:13)
           <asynchronous suspension>
           #7      
FlutterCommandRunner.runCommand.<anonymous 
closure> (package:flutter_tools/src/runner/flu
tter_command_runner.dart:348:9)
           <asynchronous suspension>
           #8      AppContext.run.<anonymous 
closure> (package:flutter_tools/src/base/conte
xt.dart:150:19)
           <asynchronous suspension>
           #9      
FlutterCommandRunner.runCommand (package:flutt
er_tools/src/runner/flutter_command_runner.dar
t:294:5)
           <asynchronous suspension>
           #10     run.<anonymous 
closure>.<anonymous closure> 
(package:flutter_tools/runner.dart:112:9)
           <asynchronous suspension>
           #11     AppContext.run.<anonymous 
closure> (package:flutter_tools/src/base/conte
xt.dart:150:19)
           <asynchronous suspension>
           #12     main 
(package:flutter_tools/executable.dart:90:3)
           <asynchronous suspension>


[ +256 ms] ensureAnalyticsSent: 253ms
[        ] Running 0 shutdown hooks
[        ] Shutdown hooks complete
[        ] exiting with code 1
